{
  "C:/Users/Rifat/Desktop/Study/react-cource/src/hooks/redux.ts": {
    "path": "C:/Users/Rifat/Desktop/Study/react-cource/src/hooks/redux.ts",
    "statementMap": {
      "0": {
        "start": {
          "line": 3,
          "column": 30
        },
        "end": {
          "line": 3,
          "column": 49
        }
      },
      "1": {
        "start": {
          "line": 3,
          "column": 36
        },
        "end": {
          "line": 3,
          "column": 49
        }
      },
      "2": {
        "start": {
          "line": 4,
          "column": 30
        },
        "end": {
          "line": 4,
          "column": 41
        }
      }
    },
    "fnMap": {
      "0": {
        "name": "(anonymous_0)",
        "decl": {
          "start": {
            "line": 3,
            "column": 30
          },
          "end": {
            "line": 3,
            "column": 31
          }
        },
        "loc": {
          "start": {
            "line": 3,
            "column": 36
          },
          "end": {
            "line": 3,
            "column": 49
          }
        },
        "line": 3
      }
    },
    "branchMap": {},
    "s": {
      "0": 5,
      "1": 28,
      "2": 5
    },
    "f": {
      "0": 28
    },
    "b": {},
    "inputSourceMap": {
      "version": 3,
      "sources": [
        "C:/Users/Rifat/Desktop/Study/react-cource/src/hooks/redux.ts"
      ],
      "mappings": "AAAA,SAA+B,mBAAmB;AAElD,SAAS,mBAAmB;AAErB,aAAM,iBAAiB,MAAM,YAAyB;AACtD,aAAM,iBAAkD;",
      "names": []
    },
    "_coverageSchema": "1a1c01bbd47fc00a2c39e90264f33305004495a9",
    "hash": "5fcff1836f7530825b02550b784402b681ca1f7a"
  },
  "C:/Users/Rifat/Desktop/Study/react-cource/src/store/reducers/searchSlice.ts": {
    "path": "C:/Users/Rifat/Desktop/Study/react-cource/src/store/reducers/searchSlice.ts",
    "statementMap": {
      "0": {
        "start": {
          "line": 2,
          "column": 21
        },
        "end": {
          "line": 4,
          "column": 1
        }
      },
      "1": {
        "start": {
          "line": 5,
          "column": 27
        },
        "end": {
          "line": 13,
          "column": 2
        }
      },
      "2": {
        "start": {
          "line": 10,
          "column": 6
        },
        "end": {
          "line": 10,
          "column": 40
        }
      }
    },
    "fnMap": {
      "0": {
        "name": "(anonymous_0)",
        "decl": {
          "start": {
            "line": 9,
            "column": 4
          },
          "end": {
            "line": 9,
            "column": 5
          }
        },
        "loc": {
          "start": {
            "line": 9,
            "column": 29
          },
          "end": {
            "line": 11,
            "column": 5
          }
        },
        "line": 9
      }
    },
    "branchMap": {},
    "s": {
      "0": 5,
      "1": 5,
      "2": 1
    },
    "f": {
      "0": 1
    },
    "b": {},
    "inputSourceMap": {
      "version": 3,
      "sources": [
        "C:/Users/Rifat/Desktop/Study/react-cource/src/store/reducers/searchSlice.ts"
      ],
      "mappings": "AAAA,SAAwB,mBAAmB;AAM3C,MAAM,eAA4B;AAAA,EAChC,YAAY;AACd;AAEO,aAAM,cAAc,YAAY;AAAA,EACrC,MAAM;AAAA,EACN;AAAA,EACA,UAAU;AAAA,IACR,UAAU,OAAO,QAA+B;AAC9C,YAAM,aAAa,OAAO;AAAA,IAC5B;AAAA,EACF;AACF,CAAC;AAED,eAAe,YAAY;",
      "names": []
    },
    "_coverageSchema": "1a1c01bbd47fc00a2c39e90264f33305004495a9",
    "hash": "c27c10ce3aa1d97a1dd834abf4be76546ac83c36"
  },
  "C:/Users/Rifat/Desktop/Study/react-cource/src/components/search/index.tsx": {
    "path": "C:/Users/Rifat/Desktop/Study/react-cource/src/components/search/index.tsx",
    "statementMap": {
      "0": {
        "start": {
          "line": 5,
          "column": 0
        },
        "end": {
          "line": 15,
          "column": 1
        }
      },
      "1": {
        "start": {
          "line": 6,
          "column": 2
        },
        "end": {
          "line": 8,
          "column": 3
        }
      },
      "2": {
        "start": {
          "line": 7,
          "column": 4
        },
        "end": {
          "line": 7,
          "column": 165
        }
      },
      "3": {
        "start": {
          "line": 9,
          "column": 2
        },
        "end": {
          "line": 9,
          "column": 39
        }
      },
      "4": {
        "start": {
          "line": 10,
          "column": 2
        },
        "end": {
          "line": 10,
          "column": 39
        }
      },
      "5": {
        "start": {
          "line": 11,
          "column": 2
        },
        "end": {
          "line": 13,
          "column": 4
        }
      },
      "6": {
        "start": {
          "line": 12,
          "column": 4
        },
        "end": {
          "line": 12,
          "column": 117
        }
      },
      "7": {
        "start": {
          "line": 14,
          "column": 2
        },
        "end": {
          "line": 14,
          "column": 75
        }
      },
      "8": {
        "start": {
          "line": 16,
          "column": 9
        },
        "end": {
          "line": 16,
          "column": 23
        }
      },
      "9": {
        "start": {
          "line": 22,
          "column": 13
        },
        "end": {
          "line": 22,
          "column": 15
        }
      },
      "10": {
        "start": {
          "line": 23,
          "column": 15
        },
        "end": {
          "line": 78,
          "column": 1
        }
      },
      "11": {
        "start": {
          "line": 24,
          "column": 2
        },
        "end": {
          "line": 24,
          "column": 7
        }
      },
      "12": {
        "start": {
          "line": 31,
          "column": 6
        },
        "end": {
          "line": 33,
          "column": 4
        }
      },
      "13": {
        "start": {
          "line": 36,
          "column": 6
        },
        "end": {
          "line": 36,
          "column": 52
        }
      },
      "14": {
        "start": {
          "line": 36,
          "column": 32
        },
        "end": {
          "line": 36,
          "column": 51
        }
      },
      "15": {
        "start": {
          "line": 39,
          "column": 6
        },
        "end": {
          "line": 39,
          "column": 25
        }
      },
      "16": {
        "start": {
          "line": 40,
          "column": 19
        },
        "end": {
          "line": 40,
          "column": 35
        }
      },
      "17": {
        "start": {
          "line": 41,
          "column": 2
        },
        "end": {
          "line": 41,
          "column": 22
        }
      },
      "18": {
        "start": {
          "line": 42,
          "column": 23
        },
        "end": {
          "line": 44,
          "column": 3
        }
      },
      "19": {
        "start": {
          "line": 43,
          "column": 4
        },
        "end": {
          "line": 43,
          "column": 28
        }
      },
      "20": {
        "start": {
          "line": 45,
          "column": 2
        },
        "end": {
          "line": 49,
          "column": 28
        }
      },
      "21": {
        "start": {
          "line": 46,
          "column": 4
        },
        "end": {
          "line": 48,
          "column": 6
        }
      },
      "22": {
        "start": {
          "line": 47,
          "column": 6
        },
        "end": {
          "line": 47,
          "column": 34
        }
      },
      "23": {
        "start": {
          "line": 50,
          "column": 19
        },
        "end": {
          "line": 52,
          "column": 3
        }
      },
      "24": {
        "start": {
          "line": 51,
          "column": 4
        },
        "end": {
          "line": 51,
          "column": 41
        }
      },
      "25": {
        "start": {
          "line": 53,
          "column": 2
        },
        "end": {
          "line": 77,
          "column": 11
        }
      },
      "26": {
        "start": {
          "line": 61,
          "column": 23
        },
        "end": {
          "line": 61,
          "column": 38
        }
      },
      "27": {
        "start": {
          "line": 79,
          "column": 0
        },
        "end": {
          "line": 81,
          "column": 3
        }
      },
      "28": {
        "start": {
          "line": 80,
          "column": 2
        },
        "end": {
          "line": 80,
          "column": 51
        }
      },
      "29": {
        "start": {
          "line": 82,
          "column": 0
        },
        "end": {
          "line": 82,
          "column": 12
        }
      },
      "30": {
        "start": {
          "line": 85,
          "column": 0
        },
        "end": {
          "line": 85,
          "column": 27
        }
      },
      "31": {
        "start": {
          "line": 86,
          "column": 0
        },
        "end": {
          "line": 102,
          "column": 1
        }
      },
      "32": {
        "start": {
          "line": 87,
          "column": 2
        },
        "end": {
          "line": 87,
          "column": 39
        }
      },
      "33": {
        "start": {
          "line": 88,
          "column": 2
        },
        "end": {
          "line": 88,
          "column": 39
        }
      },
      "34": {
        "start": {
          "line": 89,
          "column": 2
        },
        "end": {
          "line": 101,
          "column": 5
        }
      },
      "35": {
        "start": {
          "line": 93,
          "column": 4
        },
        "end": {
          "line": 93,
          "column": 143
        }
      },
      "36": {
        "start": {
          "line": 94,
          "column": 4
        },
        "end": {
          "line": 100,
          "column": 7
        }
      },
      "37": {
        "start": {
          "line": 95,
          "column": 6
        },
        "end": {
          "line": 96,
          "column": 15
        }
      },
      "38": {
        "start": {
          "line": 96,
          "column": 8
        },
        "end": {
          "line": 96,
          "column": 15
        }
      },
      "39": {
        "start": {
          "line": 97,
          "column": 32
        },
        "end": {
          "line": 97,
          "column": 115
        }
      },
      "40": {
        "start": {
          "line": 98,
          "column": 6
        },
        "end": {
          "line": 99,
          "column": 54
        }
      },
      "41": {
        "start": {
          "line": 99,
          "column": 8
        },
        "end": {
          "line": 99,
          "column": 54
        }
      }
    },
    "fnMap": {
      "0": {
        "name": "(anonymous_0)",
        "decl": {
          "start": {
            "line": 11,
            "column": 24
          },
          "end": {
            "line": 11,
            "column": 25
          }
        },
        "loc": {
          "start": {
            "line": 11,
            "column": 38
          },
          "end": {
            "line": 13,
            "column": 3
          }
        },
        "line": 11
      },
      "1": {
        "name": "(anonymous_1)",
        "decl": {
          "start": {
            "line": 23,
            "column": 15
          },
          "end": {
            "line": 23,
            "column": 16
          }
        },
        "loc": {
          "start": {
            "line": 23,
            "column": 21
          },
          "end": {
            "line": 78,
            "column": 1
          }
        },
        "line": 23
      },
      "2": {
        "name": "(anonymous_2)",
        "decl": {
          "start": {
            "line": 36,
            "column": 21
          },
          "end": {
            "line": 36,
            "column": 22
          }
        },
        "loc": {
          "start": {
            "line": 36,
            "column": 32
          },
          "end": {
            "line": 36,
            "column": 51
          }
        },
        "line": 36
      },
      "3": {
        "name": "(anonymous_3)",
        "decl": {
          "start": {
            "line": 42,
            "column": 23
          },
          "end": {
            "line": 42,
            "column": 24
          }
        },
        "loc": {
          "start": {
            "line": 42,
            "column": 30
          },
          "end": {
            "line": 44,
            "column": 3
          }
        },
        "line": 42
      },
      "4": {
        "name": "(anonymous_4)",
        "decl": {
          "start": {
            "line": 45,
            "column": 12
          },
          "end": {
            "line": 45,
            "column": 13
          }
        },
        "loc": {
          "start": {
            "line": 45,
            "column": 18
          },
          "end": {
            "line": 49,
            "column": 3
          }
        },
        "line": 45
      },
      "5": {
        "name": "(anonymous_5)",
        "decl": {
          "start": {
            "line": 46,
            "column": 11
          },
          "end": {
            "line": 46,
            "column": 12
          }
        },
        "loc": {
          "start": {
            "line": 46,
            "column": 17
          },
          "end": {
            "line": 48,
            "column": 5
          }
        },
        "line": 46
      },
      "6": {
        "name": "(anonymous_6)",
        "decl": {
          "start": {
            "line": 50,
            "column": 19
          },
          "end": {
            "line": 50,
            "column": 20
          }
        },
        "loc": {
          "start": {
            "line": 50,
            "column": 29
          },
          "end": {
            "line": 52,
            "column": 3
          }
        },
        "line": 50
      },
      "7": {
        "name": "(anonymous_7)",
        "decl": {
          "start": {
            "line": 61,
            "column": 16
          },
          "end": {
            "line": 61,
            "column": 17
          }
        },
        "loc": {
          "start": {
            "line": 61,
            "column": 23
          },
          "end": {
            "line": 61,
            "column": 38
          }
        },
        "line": 61
      },
      "8": {
        "name": "(anonymous_8)",
        "decl": {
          "start": {
            "line": 79,
            "column": 50
          },
          "end": {
            "line": 79,
            "column": 51
          }
        },
        "loc": {
          "start": {
            "line": 79,
            "column": 61
          },
          "end": {
            "line": 81,
            "column": 1
          }
        },
        "line": 79
      },
      "9": {
        "name": "(anonymous_9)",
        "decl": {
          "start": {
            "line": 92,
            "column": 9
          },
          "end": {
            "line": 92,
            "column": 10
          }
        },
        "loc": {
          "start": {
            "line": 92,
            "column": 29
          },
          "end": {
            "line": 101,
            "column": 3
          }
        },
        "line": 92
      },
      "10": {
        "name": "(anonymous_10)",
        "decl": {
          "start": {
            "line": 94,
            "column": 27
          },
          "end": {
            "line": 94,
            "column": 28
          }
        },
        "loc": {
          "start": {
            "line": 94,
            "column": 44
          },
          "end": {
            "line": 100,
            "column": 5
          }
        },
        "line": 94
      }
    },
    "branchMap": {
      "0": {
        "loc": {
          "start": {
            "line": 5,
            "column": 0
          },
          "end": {
            "line": 15,
            "column": 1
          }
        },
        "type": "if",
        "locations": [
          {
            "start": {
              "line": 5,
              "column": 0
            },
            "end": {
              "line": 15,
              "column": 1
            }
          },
          {
            "start": {},
            "end": {}
          }
        ],
        "line": 5
      },
      "1": {
        "loc": {
          "start": {
            "line": 6,
            "column": 2
          },
          "end": {
            "line": 8,
            "column": 3
          }
        },
        "type": "if",
        "locations": [
          {
            "start": {
              "line": 6,
              "column": 2
            },
            "end": {
              "line": 8,
              "column": 3
            }
          },
          {
            "start": {},
            "end": {}
          }
        ],
        "line": 6
      },
      "2": {
        "loc": {
          "start": {
            "line": 54,
            "column": 4
          },
          "end": {
            "line": 58,
            "column": 12
          }
        },
        "type": "binary-expr",
        "locations": [
          {
            "start": {
              "line": 54,
              "column": 4
            },
            "end": {
              "line": 54,
              "column": 21
            }
          },
          {
            "start": {
              "line": 54,
              "column": 41
            },
            "end": {
              "line": 58,
              "column": 12
            }
          }
        ],
        "line": 54
      },
      "3": {
        "loc": {
          "start": {
            "line": 86,
            "column": 0
          },
          "end": {
            "line": 102,
            "column": 1
          }
        },
        "type": "if",
        "locations": [
          {
            "start": {
              "line": 86,
              "column": 0
            },
            "end": {
              "line": 102,
              "column": 1
            }
          },
          {
            "start": {},
            "end": {}
          }
        ],
        "line": 86
      },
      "4": {
        "loc": {
          "start": {
            "line": 95,
            "column": 6
          },
          "end": {
            "line": 96,
            "column": 15
          }
        },
        "type": "if",
        "locations": [
          {
            "start": {
              "line": 95,
              "column": 6
            },
            "end": {
              "line": 96,
              "column": 15
            }
          },
          {
            "start": {},
            "end": {}
          }
        ],
        "line": 95
      },
      "5": {
        "loc": {
          "start": {
            "line": 98,
            "column": 6
          },
          "end": {
            "line": 99,
            "column": 54
          }
        },
        "type": "if",
        "locations": [
          {
            "start": {
              "line": 98,
              "column": 6
            },
            "end": {
              "line": 99,
              "column": 54
            }
          },
          {
            "start": {},
            "end": {}
          }
        ],
        "line": 98
      }
    },
    "s": {
      "0": 5,
      "1": 5,
      "2": 0,
      "3": 5,
      "4": 5,
      "5": 5,
      "6": 5,
      "7": 5,
      "8": 5,
      "9": 5,
      "10": 5,
      "11": 4,
      "12": 4,
      "13": 4,
      "14": 8,
      "15": 4,
      "16": 4,
      "17": 4,
      "18": 4,
      "19": 0,
      "20": 4,
      "21": 2,
      "22": 1,
      "23": 4,
      "24": 0,
      "25": 4,
      "26": 0,
      "27": 5,
      "28": 1,
      "29": 5,
      "30": 5,
      "31": 5,
      "32": 5,
      "33": 5,
      "34": 5,
      "35": 5,
      "36": 5,
      "37": 0,
      "38": 0,
      "39": 0,
      "40": 0,
      "41": 0
    },
    "f": {
      "0": 5,
      "1": 4,
      "2": 8,
      "3": 0,
      "4": 2,
      "5": 1,
      "6": 0,
      "7": 0,
      "8": 1,
      "9": 5,
      "10": 0
    },
    "b": {
      "0": [
        5,
        0
      ],
      "1": [
        0,
        5
      ],
      "2": [
        4,
        0
      ],
      "3": [
        5,
        0
      ],
      "4": [
        0,
        0
      ],
      "5": [
        0,
        0
      ]
    },
    "inputSourceMap": {
      "version": 3,
      "mappings": "AAwC4B;;;;;;;;;;;;;;;;AAxC5B,SAAgBA,iBAAiB;AACjC,OAAOC,aAAa;AACpB,SAASC,eAAe;AACxB,SAASC,gBAAgBC,sBAAsB;AAC/C,SAASC,mBAAmB;AAM5B,IAAIC,SAAS;AACb,MAAMC,SAASA,MAAM;AAAAC;AACnB,QAAM;AAAA,IACJC;AAAAA,IACAC,WAAW;AAAA,MAAEC;AAAAA,IAAO;AAAA,IACpBC;AAAAA,EACF,IAAIV,QAAoB;AAAA,IAAEW,MAAM;AAAA,EAAW,CAAC;AAE5C,QAAM;AAAA,IAAEC;AAAAA,EAAW,IAAIX,eAAgBY,WAAUA,MAAMC,aAAa;AACpE,QAAM;AAAA,IAAEC;AAAAA,EAAU,IAAIZ,YAAYa;AAClC,QAAMC,WAAWf,eAAc;AAE/BE,WAASQ;AAET,QAAMM,eAA4DC,OAAM;AACtEf,aAASe,EAAEC,OAAOC;AAAAA,EACpB;AAEAvB,YAAU,MAAM;AACd,WAAO,MAAM;AACXmB,eAASF,UAAUX,MAAM,CAAC;AAAA,IAC5B;AAAA,EACF,GAAG,CAACW,WAAWE,QAAQ,CAAC;AAExB,QAAMK,WAAWA,CAACC,SAAqB;AACrCN,aAASF,UAAUQ,KAAKC,UAAU,CAAC;AAAA,EACrC;AAEA,SACE,uBAAC,UAAK,WAAWzB,QAAQ0B,MAAM,UAAUf,aAAaY,QAAQ,GAC3Db;AAAAA,WAAOe,cAAc,uBAAC,UAAK,WAAWzB,QAAQ2B,OAAQjB,iBAAOe,WAAWG,WAAnD;AAAA;AAAA;AAAA;AAAA,WAA2D;AAAA,IACjF,uBAAC,WACC,MAAK,UACL,WAAW5B,QAAQK,QACnB,GAAIG,SAAS,cAAc;AAAA,MACzBqB,UAAU;AAAA,MACVC,UAAWV,OAAMD,aAAaC,CAAC;AAAA,MAC/BE,OAAOjB;AAAAA,IACT,CAAC,GACD,eAAY,YARd;AAAA;AAAA;AAAA;AAAA,WAQsB;AAAA,IAEtB,uBAAC,YAAO,MAAK,UAAS,WAAWL,QAAQ+B,QAAO,sBAAhD;AAAA;AAAA;AAAA;AAAA,WAEA;AAAA,OAdF;AAAA;AAAA;AAAA;AAAA,SAeA;AAEJ;AAAExB,GA7CID,QAAM;AAAA,UAKNL,SAEmBC,gBAENC,cAAc;AAAA;AAAA6B,KAT3B1B;AA+CN,eAAeA;AAAO;AAAA2B",
      "names": [
        "useEffect",
        "classes",
        "useForm",
        "useAppSelector",
        "useAppDispatch",
        "SearchSlice",
        "search",
        "Search",
        "_s",
        "register",
        "formState",
        "errors",
        "handleSubmit",
        "mode",
        "searchWord",
        "state",
        "searchReducer",
        "addSearch",
        "actions",
        "dispatch",
        "changeSearch",
        "e",
        "target",
        "value",
        "onSubmit",
        "data",
        "searchText",
        "form",
        "error",
        "message",
        "required",
        "onChange",
        "button",
        "_c",
        "$RefreshReg$"
      ],
      "sources": [
        "C:/Users/Rifat/Desktop/Study/react-cource/src/components/search/index.tsx"
      ],
      "file": "C:/Users/Rifat/Desktop/Study/react-cource/src/components/search/index.tsx"
    },
    "_coverageSchema": "1a1c01bbd47fc00a2c39e90264f33305004495a9",
    "hash": "80d6ac430572450ed92167186390d4b398230c44"
  },
  "C:/Users/Rifat/Desktop/Study/react-cource/src/components/card/index.tsx": {
    "path": "C:/Users/Rifat/Desktop/Study/react-cource/src/components/card/index.tsx",
    "statementMap": {
      "0": {
        "start": {
          "line": 5,
          "column": 0
        },
        "end": {
          "line": 15,
          "column": 1
        }
      },
      "1": {
        "start": {
          "line": 6,
          "column": 2
        },
        "end": {
          "line": 8,
          "column": 3
        }
      },
      "2": {
        "start": {
          "line": 7,
          "column": 4
        },
        "end": {
          "line": 7,
          "column": 165
        }
      },
      "3": {
        "start": {
          "line": 9,
          "column": 2
        },
        "end": {
          "line": 9,
          "column": 39
        }
      },
      "4": {
        "start": {
          "line": 10,
          "column": 2
        },
        "end": {
          "line": 10,
          "column": 39
        }
      },
      "5": {
        "start": {
          "line": 11,
          "column": 2
        },
        "end": {
          "line": 13,
          "column": 4
        }
      },
      "6": {
        "start": {
          "line": 12,
          "column": 4
        },
        "end": {
          "line": 12,
          "column": 115
        }
      },
      "7": {
        "start": {
          "line": 14,
          "column": 2
        },
        "end": {
          "line": 14,
          "column": 75
        }
      },
      "8": {
        "start": {
          "line": 18,
          "column": 13
        },
        "end": {
          "line": 54,
          "column": 1
        }
      },
      "9": {
        "start": {
          "line": 23,
          "column": 2
        },
        "end": {
          "line": 53,
          "column": 11
        }
      },
      "10": {
        "start": {
          "line": 24,
          "column": 4
        },
        "end": {
          "line": 24,
          "column": 19
        }
      },
      "11": {
        "start": {
          "line": 25,
          "column": 4
        },
        "end": {
          "line": 25,
          "column": 18
        }
      },
      "12": {
        "start": {
          "line": 55,
          "column": 0
        },
        "end": {
          "line": 55,
          "column": 10
        }
      },
      "13": {
        "start": {
          "line": 58,
          "column": 0
        },
        "end": {
          "line": 58,
          "column": 25
        }
      },
      "14": {
        "start": {
          "line": 59,
          "column": 0
        },
        "end": {
          "line": 75,
          "column": 1
        }
      },
      "15": {
        "start": {
          "line": 60,
          "column": 2
        },
        "end": {
          "line": 60,
          "column": 39
        }
      },
      "16": {
        "start": {
          "line": 61,
          "column": 2
        },
        "end": {
          "line": 61,
          "column": 39
        }
      },
      "17": {
        "start": {
          "line": 62,
          "column": 2
        },
        "end": {
          "line": 74,
          "column": 5
        }
      },
      "18": {
        "start": {
          "line": 66,
          "column": 4
        },
        "end": {
          "line": 66,
          "column": 141
        }
      },
      "19": {
        "start": {
          "line": 67,
          "column": 4
        },
        "end": {
          "line": 73,
          "column": 7
        }
      },
      "20": {
        "start": {
          "line": 68,
          "column": 6
        },
        "end": {
          "line": 69,
          "column": 15
        }
      },
      "21": {
        "start": {
          "line": 69,
          "column": 8
        },
        "end": {
          "line": 69,
          "column": 15
        }
      },
      "22": {
        "start": {
          "line": 70,
          "column": 32
        },
        "end": {
          "line": 70,
          "column": 115
        }
      },
      "23": {
        "start": {
          "line": 71,
          "column": 6
        },
        "end": {
          "line": 72,
          "column": 54
        }
      },
      "24": {
        "start": {
          "line": 72,
          "column": 8
        },
        "end": {
          "line": 72,
          "column": 54
        }
      }
    },
    "fnMap": {
      "0": {
        "name": "(anonymous_0)",
        "decl": {
          "start": {
            "line": 11,
            "column": 24
          },
          "end": {
            "line": 11,
            "column": 25
          }
        },
        "loc": {
          "start": {
            "line": 11,
            "column": 38
          },
          "end": {
            "line": 13,
            "column": 3
          }
        },
        "line": 11
      },
      "1": {
        "name": "(anonymous_1)",
        "decl": {
          "start": {
            "line": 18,
            "column": 13
          },
          "end": {
            "line": 18,
            "column": 14
          }
        },
        "loc": {
          "start": {
            "line": 22,
            "column": 6
          },
          "end": {
            "line": 54,
            "column": 1
          }
        },
        "line": 22
      },
      "2": {
        "name": "(anonymous_2)",
        "decl": {
          "start": {
            "line": 23,
            "column": 74
          },
          "end": {
            "line": 23,
            "column": 75
          }
        },
        "loc": {
          "start": {
            "line": 23,
            "column": 80
          },
          "end": {
            "line": 26,
            "column": 3
          }
        },
        "line": 23
      },
      "3": {
        "name": "(anonymous_3)",
        "decl": {
          "start": {
            "line": 65,
            "column": 9
          },
          "end": {
            "line": 65,
            "column": 10
          }
        },
        "loc": {
          "start": {
            "line": 65,
            "column": 29
          },
          "end": {
            "line": 74,
            "column": 3
          }
        },
        "line": 65
      },
      "4": {
        "name": "(anonymous_4)",
        "decl": {
          "start": {
            "line": 67,
            "column": 27
          },
          "end": {
            "line": 67,
            "column": 28
          }
        },
        "loc": {
          "start": {
            "line": 67,
            "column": 44
          },
          "end": {
            "line": 73,
            "column": 5
          }
        },
        "line": 67
      }
    },
    "branchMap": {
      "0": {
        "loc": {
          "start": {
            "line": 5,
            "column": 0
          },
          "end": {
            "line": 15,
            "column": 1
          }
        },
        "type": "if",
        "locations": [
          {
            "start": {
              "line": 5,
              "column": 0
            },
            "end": {
              "line": 15,
              "column": 1
            }
          },
          {
            "start": {},
            "end": {}
          }
        ],
        "line": 5
      },
      "1": {
        "loc": {
          "start": {
            "line": 6,
            "column": 2
          },
          "end": {
            "line": 8,
            "column": 3
          }
        },
        "type": "if",
        "locations": [
          {
            "start": {
              "line": 6,
              "column": 2
            },
            "end": {
              "line": 8,
              "column": 3
            }
          },
          {
            "start": {},
            "end": {}
          }
        ],
        "line": 6
      },
      "2": {
        "loc": {
          "start": {
            "line": 27,
            "column": 74
          },
          "end": {
            "line": 35,
            "column": 12
          }
        },
        "type": "cond-expr",
        "locations": [
          {
            "start": {
              "line": 27,
              "column": 106
            },
            "end": {
              "line": 31,
              "column": 12
            }
          },
          {
            "start": {
              "line": 31,
              "column": 31
            },
            "end": {
              "line": 35,
              "column": 12
            }
          }
        ],
        "line": 27
      },
      "3": {
        "loc": {
          "start": {
            "line": 59,
            "column": 0
          },
          "end": {
            "line": 75,
            "column": 1
          }
        },
        "type": "if",
        "locations": [
          {
            "start": {
              "line": 59,
              "column": 0
            },
            "end": {
              "line": 75,
              "column": 1
            }
          },
          {
            "start": {},
            "end": {}
          }
        ],
        "line": 59
      },
      "4": {
        "loc": {
          "start": {
            "line": 68,
            "column": 6
          },
          "end": {
            "line": 69,
            "column": 15
          }
        },
        "type": "if",
        "locations": [
          {
            "start": {
              "line": 68,
              "column": 6
            },
            "end": {
              "line": 69,
              "column": 15
            }
          },
          {
            "start": {},
            "end": {}
          }
        ],
        "line": 68
      },
      "5": {
        "loc": {
          "start": {
            "line": 71,
            "column": 6
          },
          "end": {
            "line": 72,
            "column": 54
          }
        },
        "type": "if",
        "locations": [
          {
            "start": {
              "line": 71,
              "column": 6
            },
            "end": {
              "line": 72,
              "column": 54
            }
          },
          {
            "start": {},
            "end": {}
          }
        ],
        "line": 71
      }
    },
    "s": {
      "0": 5,
      "1": 5,
      "2": 0,
      "3": 5,
      "4": 5,
      "5": 5,
      "6": 5,
      "7": 5,
      "8": 5,
      "9": 0,
      "10": 0,
      "11": 0,
      "12": 5,
      "13": 5,
      "14": 5,
      "15": 5,
      "16": 5,
      "17": 5,
      "18": 5,
      "19": 5,
      "20": 0,
      "21": 0,
      "22": 0,
      "23": 0,
      "24": 0
    },
    "f": {
      "0": 5,
      "1": 0,
      "2": 0,
      "3": 5,
      "4": 0
    },
    "b": {
      "0": [
        5,
        0
      ],
      "1": [
        0,
        5
      ],
      "2": [
        0,
        0
      ],
      "3": [
        5,
        0
      ],
      "4": [
        0,
        0
      ],
      "5": [
        0,
        0
      ]
    },
    "inputSourceMap": {
      "version": 3,
      "mappings": "AAsBU;AAtBV,OAAOA,oBAAa;AAAoB;AAAA;AAAA;AAAA;AAAA;AAAA;AAAA;AAAA;AAAA;AAAA;AAAA;AAAA;AAAA;AAAA;AAExC,OAAOC,iBAAiB;AAQxB,MAAMC,OAAOA,CAAC;AAAA,EAAEC;AAAAA,EAAMC;AAAAA,EAAUC;AAAmB,MAAM;AACvD,SACE,uBAAC,QACC,WAAWL,QAAQG,MACnB,SAAS,MAAM;AACbC,aAAS,IAAI;AACbC,YAAQF,IAAI;AAAA,EACd,GACA,eAAY,gBAEZ;AAAA,2BAAC,SAAI,WAAWH,QAAQM,SACrBH,eAAKI,WACJ,uBAAC,SACC,KAAM,gCAA+BJ,KAAKI,oCAC1C,KAAKJ,KAAKK,OACV,WAAWR,QAAQS,OAHrB;AAAA;AAAA;AAAA;AAAA,WAGyB,IAGzB,uBAAC,SAAI,KAAKR,aAAa,KAAKE,KAAKK,OAAO,WAAWR,QAAQS,OAA3D;AAAA;AAAA;AAAA;AAAA,WAA+D,KARnE;AAAA;AAAA;AAAA;AAAA,WAUA;AAAA,IACA,uBAAC,SAAI,WAAWT,QAAQU,MACtB,iCAAC,UAAK,WAAWV,QAAQQ,OAAQL,eAAKK,SAAtC;AAAA;AAAA;AAAA;AAAA,WAA4C,KAD9C;AAAA;AAAA;AAAA;AAAA,WAEA;AAAA,OArBF;AAAA;AAAA;AAAA;AAAA,SAsBA;AAEJ;AAAEG,KA1BIT;AA4BN,eAAeA;AAAK;AAAAU",
      "names": [
        "classes",
        "placeholder",
        "Card",
        "card",
        "showCard",
        "getCard",
        "picture",
        "image_id",
        "title",
        "img",
        "info",
        "_c",
        "$RefreshReg$"
      ],
      "sources": [
        "C:/Users/Rifat/Desktop/Study/react-cource/src/components/card/index.tsx"
      ],
      "file": "C:/Users/Rifat/Desktop/Study/react-cource/src/components/card/index.tsx"
    },
    "_coverageSchema": "1a1c01bbd47fc00a2c39e90264f33305004495a9",
    "hash": "e98a968b4193b5277e05e953b9e6e988b796ea49"
  },
  "C:/Users/Rifat/Desktop/Study/react-cource/src/components/cardsList/index.tsx": {
    "path": "C:/Users/Rifat/Desktop/Study/react-cource/src/components/cardsList/index.tsx",
    "statementMap": {
      "0": {
        "start": {
          "line": 5,
          "column": 0
        },
        "end": {
          "line": 15,
          "column": 1
        }
      },
      "1": {
        "start": {
          "line": 6,
          "column": 2
        },
        "end": {
          "line": 8,
          "column": 3
        }
      },
      "2": {
        "start": {
          "line": 7,
          "column": 4
        },
        "end": {
          "line": 7,
          "column": 165
        }
      },
      "3": {
        "start": {
          "line": 9,
          "column": 2
        },
        "end": {
          "line": 9,
          "column": 39
        }
      },
      "4": {
        "start": {
          "line": 10,
          "column": 2
        },
        "end": {
          "line": 10,
          "column": 39
        }
      },
      "5": {
        "start": {
          "line": 11,
          "column": 2
        },
        "end": {
          "line": 13,
          "column": 4
        }
      },
      "6": {
        "start": {
          "line": 12,
          "column": 4
        },
        "end": {
          "line": 12,
          "column": 120
        }
      },
      "7": {
        "start": {
          "line": 14,
          "column": 2
        },
        "end": {
          "line": 14,
          "column": 75
        }
      },
      "8": {
        "start": {
          "line": 18,
          "column": 14
        },
        "end": {
          "line": 38,
          "column": 1
        }
      },
      "9": {
        "start": {
          "line": 23,
          "column": 2
        },
        "end": {
          "line": 37,
          "column": 11
        }
      },
      "10": {
        "start": {
          "line": 24,
          "column": 4
        },
        "end": {
          "line": 28,
          "column": 13
        }
      },
      "11": {
        "start": {
          "line": 39,
          "column": 0
        },
        "end": {
          "line": 39,
          "column": 11
        }
      },
      "12": {
        "start": {
          "line": 42,
          "column": 0
        },
        "end": {
          "line": 42,
          "column": 26
        }
      },
      "13": {
        "start": {
          "line": 43,
          "column": 0
        },
        "end": {
          "line": 59,
          "column": 1
        }
      },
      "14": {
        "start": {
          "line": 44,
          "column": 2
        },
        "end": {
          "line": 44,
          "column": 39
        }
      },
      "15": {
        "start": {
          "line": 45,
          "column": 2
        },
        "end": {
          "line": 45,
          "column": 39
        }
      },
      "16": {
        "start": {
          "line": 46,
          "column": 2
        },
        "end": {
          "line": 58,
          "column": 5
        }
      },
      "17": {
        "start": {
          "line": 50,
          "column": 4
        },
        "end": {
          "line": 50,
          "column": 146
        }
      },
      "18": {
        "start": {
          "line": 51,
          "column": 4
        },
        "end": {
          "line": 57,
          "column": 7
        }
      },
      "19": {
        "start": {
          "line": 52,
          "column": 6
        },
        "end": {
          "line": 53,
          "column": 15
        }
      },
      "20": {
        "start": {
          "line": 53,
          "column": 8
        },
        "end": {
          "line": 53,
          "column": 15
        }
      },
      "21": {
        "start": {
          "line": 54,
          "column": 32
        },
        "end": {
          "line": 54,
          "column": 115
        }
      },
      "22": {
        "start": {
          "line": 55,
          "column": 6
        },
        "end": {
          "line": 56,
          "column": 54
        }
      },
      "23": {
        "start": {
          "line": 56,
          "column": 8
        },
        "end": {
          "line": 56,
          "column": 54
        }
      }
    },
    "fnMap": {
      "0": {
        "name": "(anonymous_0)",
        "decl": {
          "start": {
            "line": 11,
            "column": 24
          },
          "end": {
            "line": 11,
            "column": 25
          }
        },
        "loc": {
          "start": {
            "line": 11,
            "column": 38
          },
          "end": {
            "line": 13,
            "column": 3
          }
        },
        "line": 11
      },
      "1": {
        "name": "(anonymous_1)",
        "decl": {
          "start": {
            "line": 18,
            "column": 14
          },
          "end": {
            "line": 18,
            "column": 15
          }
        },
        "loc": {
          "start": {
            "line": 22,
            "column": 6
          },
          "end": {
            "line": 38,
            "column": 1
          }
        },
        "line": 22
      },
      "2": {
        "name": "(anonymous_2)",
        "decl": {
          "start": {
            "line": 23,
            "column": 160
          },
          "end": {
            "line": 23,
            "column": 161
          }
        },
        "loc": {
          "start": {
            "line": 23,
            "column": 177
          },
          "end": {
            "line": 29,
            "column": 3
          }
        },
        "line": 23
      },
      "3": {
        "name": "(anonymous_3)",
        "decl": {
          "start": {
            "line": 49,
            "column": 9
          },
          "end": {
            "line": 49,
            "column": 10
          }
        },
        "loc": {
          "start": {
            "line": 49,
            "column": 29
          },
          "end": {
            "line": 58,
            "column": 3
          }
        },
        "line": 49
      },
      "4": {
        "name": "(anonymous_4)",
        "decl": {
          "start": {
            "line": 51,
            "column": 27
          },
          "end": {
            "line": 51,
            "column": 28
          }
        },
        "loc": {
          "start": {
            "line": 51,
            "column": 44
          },
          "end": {
            "line": 57,
            "column": 5
          }
        },
        "line": 51
      }
    },
    "branchMap": {
      "0": {
        "loc": {
          "start": {
            "line": 5,
            "column": 0
          },
          "end": {
            "line": 15,
            "column": 1
          }
        },
        "type": "if",
        "locations": [
          {
            "start": {
              "line": 5,
              "column": 0
            },
            "end": {
              "line": 15,
              "column": 1
            }
          },
          {
            "start": {},
            "end": {}
          }
        ],
        "line": 5
      },
      "1": {
        "loc": {
          "start": {
            "line": 6,
            "column": 2
          },
          "end": {
            "line": 8,
            "column": 3
          }
        },
        "type": "if",
        "locations": [
          {
            "start": {
              "line": 6,
              "column": 2
            },
            "end": {
              "line": 8,
              "column": 3
            }
          },
          {
            "start": {},
            "end": {}
          }
        ],
        "line": 6
      },
      "2": {
        "loc": {
          "start": {
            "line": 43,
            "column": 0
          },
          "end": {
            "line": 59,
            "column": 1
          }
        },
        "type": "if",
        "locations": [
          {
            "start": {
              "line": 43,
              "column": 0
            },
            "end": {
              "line": 59,
              "column": 1
            }
          },
          {
            "start": {},
            "end": {}
          }
        ],
        "line": 43
      },
      "3": {
        "loc": {
          "start": {
            "line": 52,
            "column": 6
          },
          "end": {
            "line": 53,
            "column": 15
          }
        },
        "type": "if",
        "locations": [
          {
            "start": {
              "line": 52,
              "column": 6
            },
            "end": {
              "line": 53,
              "column": 15
            }
          },
          {
            "start": {},
            "end": {}
          }
        ],
        "line": 52
      },
      "4": {
        "loc": {
          "start": {
            "line": 55,
            "column": 6
          },
          "end": {
            "line": 56,
            "column": 54
          }
        },
        "type": "if",
        "locations": [
          {
            "start": {
              "line": 55,
              "column": 6
            },
            "end": {
              "line": 56,
              "column": 54
            }
          },
          {
            "start": {},
            "end": {}
          }
        ],
        "line": 55
      }
    },
    "s": {
      "0": 5,
      "1": 5,
      "2": 0,
      "3": 5,
      "4": 5,
      "5": 5,
      "6": 5,
      "7": 5,
      "8": 5,
      "9": 0,
      "10": 0,
      "11": 5,
      "12": 5,
      "13": 5,
      "14": 5,
      "15": 5,
      "16": 5,
      "17": 5,
      "18": 5,
      "19": 0,
      "20": 0,
      "21": 0,
      "22": 0,
      "23": 0
    },
    "f": {
      "0": 5,
      "1": 0,
      "2": 0,
      "3": 5,
      "4": 0
    },
    "b": {
      "0": [
        5,
        0
      ],
      "1": [
        0,
        5
      ],
      "2": [
        5,
        0
      ],
      "3": [
        0,
        0
      ],
      "4": [
        0,
        0
      ]
    },
    "inputSourceMap": {
      "version": 3,
      "mappings": "AAeiB;AAfjB,OAAOA,oBAAa;AAAoB;AAAA;AAAA;AAAA;AAAA;AAAA;AAAA;AAAA;AAAA;AAAA;AAAA;AAAA;AAAA;AAAA;AAExC,OAAOC,UAAU;AAQjB,MAAMC,QAAQA,CAAC;AAAA,EAAEC;AAAAA,EAAOC;AAAAA,EAAUC;AAAoB,MAAM;AAC1D,SACE,uBAAC,aAAQ,WAAWL,QAAQM,SAC1B,iCAAC,QAAG,WAAWN,QAAQG,OACpBA,gBAAMI,IAAI,CAACC,MAAMC,UAAU;AAC1B,WAAO,uBAAC,QAAK,MAAwB,UAAoB,WAA3BA,OAAvB;AAAA;AAAA;AAAA;AAAA,WAAmE;AAAA,EAC5E,CAAC,KAHH;AAAA;AAAA;AAAA;AAAA,SAIA,KALF;AAAA;AAAA;AAAA;AAAA,SAMA;AAEJ;AAAEC,KAVIR;AAYN,eAAeA;AAAM;AAAAS",
      "names": [
        "classes",
        "Card",
        "Cards",
        "cards",
        "showCard",
        "getCard",
        "section",
        "map",
        "card",
        "index",
        "_c",
        "$RefreshReg$"
      ],
      "sources": [
        "C:/Users/Rifat/Desktop/Study/react-cource/src/components/cardsList/index.tsx"
      ],
      "file": "C:/Users/Rifat/Desktop/Study/react-cource/src/components/cardsList/index.tsx"
    },
    "_coverageSchema": "1a1c01bbd47fc00a2c39e90264f33305004495a9",
    "hash": "c014664d20e1d01ffe10823265b912101f30ac7e"
  },
  "C:/Users/Rifat/Desktop/Study/react-cource/src/components/UI/loader/index.tsx": {
    "path": "C:/Users/Rifat/Desktop/Study/react-cource/src/components/UI/loader/index.tsx",
    "statementMap": {
      "0": {
        "start": {
          "line": 5,
          "column": 0
        },
        "end": {
          "line": 15,
          "column": 1
        }
      },
      "1": {
        "start": {
          "line": 6,
          "column": 2
        },
        "end": {
          "line": 8,
          "column": 3
        }
      },
      "2": {
        "start": {
          "line": 7,
          "column": 4
        },
        "end": {
          "line": 7,
          "column": 165
        }
      },
      "3": {
        "start": {
          "line": 9,
          "column": 2
        },
        "end": {
          "line": 9,
          "column": 39
        }
      },
      "4": {
        "start": {
          "line": 10,
          "column": 2
        },
        "end": {
          "line": 10,
          "column": 39
        }
      },
      "5": {
        "start": {
          "line": 11,
          "column": 2
        },
        "end": {
          "line": 13,
          "column": 4
        }
      },
      "6": {
        "start": {
          "line": 12,
          "column": 4
        },
        "end": {
          "line": 12,
          "column": 120
        }
      },
      "7": {
        "start": {
          "line": 14,
          "column": 2
        },
        "end": {
          "line": 14,
          "column": 75
        }
      },
      "8": {
        "start": {
          "line": 17,
          "column": 15
        },
        "end": {
          "line": 88,
          "column": 1
        }
      },
      "9": {
        "start": {
          "line": 18,
          "column": 2
        },
        "end": {
          "line": 87,
          "column": 11
        }
      },
      "10": {
        "start": {
          "line": 89,
          "column": 0
        },
        "end": {
          "line": 89,
          "column": 12
        }
      },
      "11": {
        "start": {
          "line": 92,
          "column": 0
        },
        "end": {
          "line": 92,
          "column": 27
        }
      },
      "12": {
        "start": {
          "line": 93,
          "column": 0
        },
        "end": {
          "line": 109,
          "column": 1
        }
      },
      "13": {
        "start": {
          "line": 94,
          "column": 2
        },
        "end": {
          "line": 94,
          "column": 39
        }
      },
      "14": {
        "start": {
          "line": 95,
          "column": 2
        },
        "end": {
          "line": 95,
          "column": 39
        }
      },
      "15": {
        "start": {
          "line": 96,
          "column": 2
        },
        "end": {
          "line": 108,
          "column": 5
        }
      },
      "16": {
        "start": {
          "line": 100,
          "column": 4
        },
        "end": {
          "line": 100,
          "column": 146
        }
      },
      "17": {
        "start": {
          "line": 101,
          "column": 4
        },
        "end": {
          "line": 107,
          "column": 7
        }
      },
      "18": {
        "start": {
          "line": 102,
          "column": 6
        },
        "end": {
          "line": 103,
          "column": 15
        }
      },
      "19": {
        "start": {
          "line": 103,
          "column": 8
        },
        "end": {
          "line": 103,
          "column": 15
        }
      },
      "20": {
        "start": {
          "line": 104,
          "column": 32
        },
        "end": {
          "line": 104,
          "column": 115
        }
      },
      "21": {
        "start": {
          "line": 105,
          "column": 6
        },
        "end": {
          "line": 106,
          "column": 54
        }
      },
      "22": {
        "start": {
          "line": 106,
          "column": 8
        },
        "end": {
          "line": 106,
          "column": 54
        }
      }
    },
    "fnMap": {
      "0": {
        "name": "(anonymous_0)",
        "decl": {
          "start": {
            "line": 11,
            "column": 24
          },
          "end": {
            "line": 11,
            "column": 25
          }
        },
        "loc": {
          "start": {
            "line": 11,
            "column": 38
          },
          "end": {
            "line": 13,
            "column": 3
          }
        },
        "line": 11
      },
      "1": {
        "name": "(anonymous_1)",
        "decl": {
          "start": {
            "line": 17,
            "column": 15
          },
          "end": {
            "line": 17,
            "column": 16
          }
        },
        "loc": {
          "start": {
            "line": 17,
            "column": 21
          },
          "end": {
            "line": 88,
            "column": 1
          }
        },
        "line": 17
      },
      "2": {
        "name": "(anonymous_2)",
        "decl": {
          "start": {
            "line": 99,
            "column": 9
          },
          "end": {
            "line": 99,
            "column": 10
          }
        },
        "loc": {
          "start": {
            "line": 99,
            "column": 29
          },
          "end": {
            "line": 108,
            "column": 3
          }
        },
        "line": 99
      },
      "3": {
        "name": "(anonymous_3)",
        "decl": {
          "start": {
            "line": 101,
            "column": 27
          },
          "end": {
            "line": 101,
            "column": 28
          }
        },
        "loc": {
          "start": {
            "line": 101,
            "column": 44
          },
          "end": {
            "line": 107,
            "column": 5
          }
        },
        "line": 101
      }
    },
    "branchMap": {
      "0": {
        "loc": {
          "start": {
            "line": 5,
            "column": 0
          },
          "end": {
            "line": 15,
            "column": 1
          }
        },
        "type": "if",
        "locations": [
          {
            "start": {
              "line": 5,
              "column": 0
            },
            "end": {
              "line": 15,
              "column": 1
            }
          },
          {
            "start": {},
            "end": {}
          }
        ],
        "line": 5
      },
      "1": {
        "loc": {
          "start": {
            "line": 6,
            "column": 2
          },
          "end": {
            "line": 8,
            "column": 3
          }
        },
        "type": "if",
        "locations": [
          {
            "start": {
              "line": 6,
              "column": 2
            },
            "end": {
              "line": 8,
              "column": 3
            }
          },
          {
            "start": {},
            "end": {}
          }
        ],
        "line": 6
      },
      "2": {
        "loc": {
          "start": {
            "line": 93,
            "column": 0
          },
          "end": {
            "line": 109,
            "column": 1
          }
        },
        "type": "if",
        "locations": [
          {
            "start": {
              "line": 93,
              "column": 0
            },
            "end": {
              "line": 109,
              "column": 1
            }
          },
          {
            "start": {},
            "end": {}
          }
        ],
        "line": 93
      },
      "3": {
        "loc": {
          "start": {
            "line": 102,
            "column": 6
          },
          "end": {
            "line": 103,
            "column": 15
          }
        },
        "type": "if",
        "locations": [
          {
            "start": {
              "line": 102,
              "column": 6
            },
            "end": {
              "line": 103,
              "column": 15
            }
          },
          {
            "start": {},
            "end": {}
          }
        ],
        "line": 102
      },
      "4": {
        "loc": {
          "start": {
            "line": 105,
            "column": 6
          },
          "end": {
            "line": 106,
            "column": 54
          }
        },
        "type": "if",
        "locations": [
          {
            "start": {
              "line": 105,
              "column": 6
            },
            "end": {
              "line": 106,
              "column": 54
            }
          },
          {
            "start": {},
            "end": {}
          }
        ],
        "line": 105
      }
    },
    "s": {
      "0": 5,
      "1": 5,
      "2": 0,
      "3": 5,
      "4": 5,
      "5": 5,
      "6": 5,
      "7": 5,
      "8": 5,
      "9": 4,
      "10": 5,
      "11": 5,
      "12": 5,
      "13": 5,
      "14": 5,
      "15": 5,
      "16": 5,
      "17": 5,
      "18": 0,
      "19": 0,
      "20": 0,
      "21": 0,
      "22": 0
    },
    "f": {
      "0": 5,
      "1": 4,
      "2": 5,
      "3": 0
    },
    "b": {
      "0": [
        5,
        0
      ],
      "1": [
        0,
        5
      ],
      "2": [
        5,
        0
      ],
      "3": [
        0,
        0
      ],
      "4": [
        0,
        0
      ]
    },
    "inputSourceMap": {
      "version": 3,
      "mappings": "AAMQ;AANR,OAAOA,oBAAa;AAAoB;AAAA;AAAA;AAAA;AAAA;AAAA;AAAA;AAAA;AAAA;AAAA;AAAA;AAAA;AAAA;AAAA;AAExC,MAAMC,SAASA,MAAM;AACnB,SACE,uBAAC,SAAI,WAAWD,QAAQE,SAAS,eAAY,UAC3C,iCAAC,SAAI,WAAWF,QAAQG,aACtB;AAAA,2BAAC,SAAI,WAAWH,QAAQI,QAAxB;AAAA;AAAA;AAAA;AAAA,WAA8B;AAAA,IAC9B,uBAAC,SAAI,WAAWJ,QAAQI,QAAxB;AAAA;AAAA;AAAA;AAAA,WAA8B;AAAA,IAC9B,uBAAC,SAAI,WAAWJ,QAAQI,QAAxB;AAAA;AAAA;AAAA;AAAA,WAA8B;AAAA,IAC9B,uBAAC,SAAI,WAAWJ,QAAQI,QAAxB;AAAA;AAAA;AAAA;AAAA,WAA8B;AAAA,IAC9B,uBAAC,SAAI,WAAWJ,QAAQI,QAAxB;AAAA;AAAA;AAAA;AAAA,WAA8B;AAAA,IAC9B,uBAAC,SAAI,WAAWJ,QAAQI,QAAxB;AAAA;AAAA;AAAA;AAAA,WAA8B;AAAA,IAC9B,uBAAC,SAAI,WAAWJ,QAAQI,QAAxB;AAAA;AAAA;AAAA;AAAA,WAA8B;AAAA,IAC9B,uBAAC,SAAI,WAAWJ,QAAQI,QAAxB;AAAA;AAAA;AAAA;AAAA,WAA8B;AAAA,IAC9B,uBAAC,SAAI,WAAWJ,QAAQI,QAAxB;AAAA;AAAA;AAAA;AAAA,WAA8B;AAAA,IAC9B,uBAAC,SAAI,WAAWJ,QAAQI,QAAxB;AAAA;AAAA;AAAA;AAAA,WAA8B;AAAA,IAC9B,uBAAC,SAAI,WAAWJ,QAAQI,QAAxB;AAAA;AAAA;AAAA;AAAA,WAA8B;AAAA,IAC9B,uBAAC,SAAI,WAAWJ,QAAQI,QAAxB;AAAA;AAAA;AAAA;AAAA,WAA8B;AAAA,OAZhC;AAAA;AAAA;AAAA;AAAA,SAaA,KAdF;AAAA;AAAA;AAAA;AAAA,SAeA;AAEJ;AAAEC,KAnBIJ;AAqBN,eAAeA;AAAO;AAAAK",
      "names": [
        "classes",
        "Loader",
        "wrapper",
        "lds_spinner",
        "spin",
        "_c",
        "$RefreshReg$"
      ],
      "sources": [
        "C:/Users/Rifat/Desktop/Study/react-cource/src/components/UI/loader/index.tsx"
      ],
      "file": "C:/Users/Rifat/Desktop/Study/react-cource/src/components/UI/loader/index.tsx"
    },
    "_coverageSchema": "1a1c01bbd47fc00a2c39e90264f33305004495a9",
    "hash": "63ddd17abb833e93b2cd5c53cd6edb3c4f1c4d68"
  },
  "C:/Users/Rifat/Desktop/Study/react-cource/src/components/modal/index.tsx": {
    "path": "C:/Users/Rifat/Desktop/Study/react-cource/src/components/modal/index.tsx",
    "statementMap": {
      "0": {
        "start": {
          "line": 5,
          "column": 0
        },
        "end": {
          "line": 15,
          "column": 1
        }
      },
      "1": {
        "start": {
          "line": 6,
          "column": 2
        },
        "end": {
          "line": 8,
          "column": 3
        }
      },
      "2": {
        "start": {
          "line": 7,
          "column": 4
        },
        "end": {
          "line": 7,
          "column": 165
        }
      },
      "3": {
        "start": {
          "line": 9,
          "column": 2
        },
        "end": {
          "line": 9,
          "column": 39
        }
      },
      "4": {
        "start": {
          "line": 10,
          "column": 2
        },
        "end": {
          "line": 10,
          "column": 39
        }
      },
      "5": {
        "start": {
          "line": 11,
          "column": 2
        },
        "end": {
          "line": 13,
          "column": 4
        }
      },
      "6": {
        "start": {
          "line": 12,
          "column": 4
        },
        "end": {
          "line": 12,
          "column": 116
        }
      },
      "7": {
        "start": {
          "line": 14,
          "column": 2
        },
        "end": {
          "line": 14,
          "column": 75
        }
      },
      "8": {
        "start": {
          "line": 17,
          "column": 14
        },
        "end": {
          "line": 44,
          "column": 1
        }
      },
      "9": {
        "start": {
          "line": 22,
          "column": 2
        },
        "end": {
          "line": 43,
          "column": 11
        }
      },
      "10": {
        "start": {
          "line": 23,
          "column": 4
        },
        "end": {
          "line": 23,
          "column": 24
        }
      },
      "11": {
        "start": {
          "line": 24,
          "column": 4
        },
        "end": {
          "line": 24,
          "column": 22
        }
      },
      "12": {
        "start": {
          "line": 25,
          "column": 91
        },
        "end": {
          "line": 25,
          "column": 110
        }
      },
      "13": {
        "start": {
          "line": 27,
          "column": 6
        },
        "end": {
          "line": 27,
          "column": 26
        }
      },
      "14": {
        "start": {
          "line": 28,
          "column": 6
        },
        "end": {
          "line": 28,
          "column": 24
        }
      },
      "15": {
        "start": {
          "line": 45,
          "column": 0
        },
        "end": {
          "line": 45,
          "column": 11
        }
      },
      "16": {
        "start": {
          "line": 48,
          "column": 0
        },
        "end": {
          "line": 48,
          "column": 26
        }
      },
      "17": {
        "start": {
          "line": 49,
          "column": 0
        },
        "end": {
          "line": 65,
          "column": 1
        }
      },
      "18": {
        "start": {
          "line": 50,
          "column": 2
        },
        "end": {
          "line": 50,
          "column": 39
        }
      },
      "19": {
        "start": {
          "line": 51,
          "column": 2
        },
        "end": {
          "line": 51,
          "column": 39
        }
      },
      "20": {
        "start": {
          "line": 52,
          "column": 2
        },
        "end": {
          "line": 64,
          "column": 5
        }
      },
      "21": {
        "start": {
          "line": 56,
          "column": 4
        },
        "end": {
          "line": 56,
          "column": 142
        }
      },
      "22": {
        "start": {
          "line": 57,
          "column": 4
        },
        "end": {
          "line": 63,
          "column": 7
        }
      },
      "23": {
        "start": {
          "line": 58,
          "column": 6
        },
        "end": {
          "line": 59,
          "column": 15
        }
      },
      "24": {
        "start": {
          "line": 59,
          "column": 8
        },
        "end": {
          "line": 59,
          "column": 15
        }
      },
      "25": {
        "start": {
          "line": 60,
          "column": 32
        },
        "end": {
          "line": 60,
          "column": 115
        }
      },
      "26": {
        "start": {
          "line": 61,
          "column": 6
        },
        "end": {
          "line": 62,
          "column": 54
        }
      },
      "27": {
        "start": {
          "line": 62,
          "column": 8
        },
        "end": {
          "line": 62,
          "column": 54
        }
      }
    },
    "fnMap": {
      "0": {
        "name": "(anonymous_0)",
        "decl": {
          "start": {
            "line": 11,
            "column": 24
          },
          "end": {
            "line": 11,
            "column": 25
          }
        },
        "loc": {
          "start": {
            "line": 11,
            "column": 38
          },
          "end": {
            "line": 13,
            "column": 3
          }
        },
        "line": 11
      },
      "1": {
        "name": "(anonymous_1)",
        "decl": {
          "start": {
            "line": 17,
            "column": 14
          },
          "end": {
            "line": 17,
            "column": 15
          }
        },
        "loc": {
          "start": {
            "line": 21,
            "column": 6
          },
          "end": {
            "line": 44,
            "column": 1
          }
        },
        "line": 21
      },
      "2": {
        "name": "(anonymous_2)",
        "decl": {
          "start": {
            "line": 22,
            "column": 110
          },
          "end": {
            "line": 22,
            "column": 111
          }
        },
        "loc": {
          "start": {
            "line": 22,
            "column": 117
          },
          "end": {
            "line": 25,
            "column": 3
          }
        },
        "line": 22
      },
      "3": {
        "name": "(anonymous_3)",
        "decl": {
          "start": {
            "line": 25,
            "column": 84
          },
          "end": {
            "line": 25,
            "column": 85
          }
        },
        "loc": {
          "start": {
            "line": 25,
            "column": 91
          },
          "end": {
            "line": 25,
            "column": 110
          }
        },
        "line": 25
      },
      "4": {
        "name": "(anonymous_4)",
        "decl": {
          "start": {
            "line": 26,
            "column": 94
          },
          "end": {
            "line": 26,
            "column": 95
          }
        },
        "loc": {
          "start": {
            "line": 26,
            "column": 101
          },
          "end": {
            "line": 29,
            "column": 5
          }
        },
        "line": 26
      },
      "5": {
        "name": "(anonymous_5)",
        "decl": {
          "start": {
            "line": 55,
            "column": 9
          },
          "end": {
            "line": 55,
            "column": 10
          }
        },
        "loc": {
          "start": {
            "line": 55,
            "column": 29
          },
          "end": {
            "line": 64,
            "column": 3
          }
        },
        "line": 55
      },
      "6": {
        "name": "(anonymous_6)",
        "decl": {
          "start": {
            "line": 57,
            "column": 27
          },
          "end": {
            "line": 57,
            "column": 28
          }
        },
        "loc": {
          "start": {
            "line": 57,
            "column": 44
          },
          "end": {
            "line": 63,
            "column": 5
          }
        },
        "line": 57
      }
    },
    "branchMap": {
      "0": {
        "loc": {
          "start": {
            "line": 5,
            "column": 0
          },
          "end": {
            "line": 15,
            "column": 1
          }
        },
        "type": "if",
        "locations": [
          {
            "start": {
              "line": 5,
              "column": 0
            },
            "end": {
              "line": 15,
              "column": 1
            }
          },
          {
            "start": {},
            "end": {}
          }
        ],
        "line": 5
      },
      "1": {
        "loc": {
          "start": {
            "line": 6,
            "column": 2
          },
          "end": {
            "line": 8,
            "column": 3
          }
        },
        "type": "if",
        "locations": [
          {
            "start": {
              "line": 6,
              "column": 2
            },
            "end": {
              "line": 8,
              "column": 3
            }
          },
          {
            "start": {},
            "end": {}
          }
        ],
        "line": 6
      },
      "2": {
        "loc": {
          "start": {
            "line": 22,
            "column": 72
          },
          "end": {
            "line": 22,
            "column": 97
          }
        },
        "type": "binary-expr",
        "locations": [
          {
            "start": {
              "line": 22,
              "column": 72
            },
            "end": {
              "line": 22,
              "column": 79
            }
          },
          {
            "start": {
              "line": 22,
              "column": 83
            },
            "end": {
              "line": 22,
              "column": 97
            }
          }
        ],
        "line": 22
      },
      "3": {
        "loc": {
          "start": {
            "line": 49,
            "column": 0
          },
          "end": {
            "line": 65,
            "column": 1
          }
        },
        "type": "if",
        "locations": [
          {
            "start": {
              "line": 49,
              "column": 0
            },
            "end": {
              "line": 65,
              "column": 1
            }
          },
          {
            "start": {},
            "end": {}
          }
        ],
        "line": 49
      },
      "4": {
        "loc": {
          "start": {
            "line": 58,
            "column": 6
          },
          "end": {
            "line": 59,
            "column": 15
          }
        },
        "type": "if",
        "locations": [
          {
            "start": {
              "line": 58,
              "column": 6
            },
            "end": {
              "line": 59,
              "column": 15
            }
          },
          {
            "start": {},
            "end": {}
          }
        ],
        "line": 58
      },
      "5": {
        "loc": {
          "start": {
            "line": 61,
            "column": 6
          },
          "end": {
            "line": 62,
            "column": 54
          }
        },
        "type": "if",
        "locations": [
          {
            "start": {
              "line": 61,
              "column": 6
            },
            "end": {
              "line": 62,
              "column": 54
            }
          },
          {
            "start": {},
            "end": {}
          }
        ],
        "line": 61
      }
    },
    "s": {
      "0": 5,
      "1": 5,
      "2": 0,
      "3": 5,
      "4": 5,
      "5": 5,
      "6": 5,
      "7": 5,
      "8": 5,
      "9": 4,
      "10": 0,
      "11": 0,
      "12": 0,
      "13": 0,
      "14": 0,
      "15": 5,
      "16": 5,
      "17": 5,
      "18": 5,
      "19": 5,
      "20": 5,
      "21": 5,
      "22": 5,
      "23": 0,
      "24": 0,
      "25": 0,
      "26": 0,
      "27": 0
    },
    "f": {
      "0": 5,
      "1": 4,
      "2": 0,
      "3": 0,
      "4": 0,
      "5": 5,
      "6": 0
    },
    "b": {
      "0": [
        5,
        0
      ],
      "1": [
        0,
        5
      ],
      "2": [
        4,
        0
      ],
      "3": [
        5,
        0
      ],
      "4": [
        0,
        0
      ],
      "5": [
        0,
        0
      ]
    },
    "inputSourceMap": {
      "version": 3,
      "mappings": "AAmBQ;AAnBR,2BAA0B;AAAO;AAAA;AAAA;AAAA;AAAA;AAAA;AAAA;AAAA;AAAA;AAAA;AAAA;AAAA;AAAA;AACjC,OAAOA,aAAa;AAQpB,MAAMC,QAAQA,CAAC;AAAA,EAAEC;AAAAA,EAASC;AAAAA,EAAYC;AAAqB,MAAM;AAC/D,SACE,uBAAC,SACC,WAAY,GAAEJ,QAAQK,SAASH,WAAWF,QAAQM,UAClD,SAAUC,OAAM;AACdA,MAAEC,gBAAe;AACjBL,eAAW,KAAK;AAAA,EAClB,GAEA,iCAAC,SAAI,WAAWH,QAAQS,SAAS,SAAUF,OAAMA,EAAEC,gBAAe,GAChE;AAAA,2BAAC,SACC,WAAY,qBAAoBR,QAAQU,SACxC,SAAUH,OAAM;AACdA,QAAEC,gBAAe;AACjBL,iBAAW,KAAK;AAAA,IAClB,KALF;AAAA;AAAA;AAAA;AAAA,WAKI;AAAA,IAEHC;AAAAA,OARH;AAAA;AAAA;AAAA;AAAA,SASA,KAhBF;AAAA;AAAA;AAAA;AAAA,SAiBA;AAEJ;AAAEO,KArBIV;AAuBN,eAAeA;AAAM;AAAAW",
      "names": [
        "classes",
        "Modal",
        "visible",
        "setVisible",
        "children",
        "modal",
        "active",
        "e",
        "stopPropagation",
        "content",
        "cross",
        "_c",
        "$RefreshReg$"
      ],
      "sources": [
        "C:/Users/Rifat/Desktop/Study/react-cource/src/components/modal/index.tsx"
      ],
      "file": "C:/Users/Rifat/Desktop/Study/react-cource/src/components/modal/index.tsx"
    },
    "_coverageSchema": "1a1c01bbd47fc00a2c39e90264f33305004495a9",
    "hash": "edbf0814312909c72452cba6e965a59d94f92520"
  },
  "C:/Users/Rifat/Desktop/Study/react-cource/src/components/modalCard/index.tsx": {
    "path": "C:/Users/Rifat/Desktop/Study/react-cource/src/components/modalCard/index.tsx",
    "statementMap": {
      "0": {
        "start": {
          "line": 5,
          "column": 0
        },
        "end": {
          "line": 15,
          "column": 1
        }
      },
      "1": {
        "start": {
          "line": 6,
          "column": 2
        },
        "end": {
          "line": 8,
          "column": 3
        }
      },
      "2": {
        "start": {
          "line": 7,
          "column": 4
        },
        "end": {
          "line": 7,
          "column": 165
        }
      },
      "3": {
        "start": {
          "line": 9,
          "column": 2
        },
        "end": {
          "line": 9,
          "column": 39
        }
      },
      "4": {
        "start": {
          "line": 10,
          "column": 2
        },
        "end": {
          "line": 10,
          "column": 39
        }
      },
      "5": {
        "start": {
          "line": 11,
          "column": 2
        },
        "end": {
          "line": 13,
          "column": 4
        }
      },
      "6": {
        "start": {
          "line": 12,
          "column": 4
        },
        "end": {
          "line": 12,
          "column": 120
        }
      },
      "7": {
        "start": {
          "line": 14,
          "column": 2
        },
        "end": {
          "line": 14,
          "column": 75
        }
      },
      "8": {
        "start": {
          "line": 18,
          "column": 18
        },
        "end": {
          "line": 120,
          "column": 1
        }
      },
      "9": {
        "start": {
          "line": 21,
          "column": 2
        },
        "end": {
          "line": 119,
          "column": 11
        }
      },
      "10": {
        "start": {
          "line": 121,
          "column": 0
        },
        "end": {
          "line": 121,
          "column": 15
        }
      },
      "11": {
        "start": {
          "line": 124,
          "column": 0
        },
        "end": {
          "line": 124,
          "column": 30
        }
      },
      "12": {
        "start": {
          "line": 125,
          "column": 0
        },
        "end": {
          "line": 141,
          "column": 1
        }
      },
      "13": {
        "start": {
          "line": 126,
          "column": 2
        },
        "end": {
          "line": 126,
          "column": 39
        }
      },
      "14": {
        "start": {
          "line": 127,
          "column": 2
        },
        "end": {
          "line": 127,
          "column": 39
        }
      },
      "15": {
        "start": {
          "line": 128,
          "column": 2
        },
        "end": {
          "line": 140,
          "column": 5
        }
      },
      "16": {
        "start": {
          "line": 132,
          "column": 4
        },
        "end": {
          "line": 132,
          "column": 146
        }
      },
      "17": {
        "start": {
          "line": 133,
          "column": 4
        },
        "end": {
          "line": 139,
          "column": 7
        }
      },
      "18": {
        "start": {
          "line": 134,
          "column": 6
        },
        "end": {
          "line": 135,
          "column": 15
        }
      },
      "19": {
        "start": {
          "line": 135,
          "column": 8
        },
        "end": {
          "line": 135,
          "column": 15
        }
      },
      "20": {
        "start": {
          "line": 136,
          "column": 32
        },
        "end": {
          "line": 136,
          "column": 115
        }
      },
      "21": {
        "start": {
          "line": 137,
          "column": 6
        },
        "end": {
          "line": 138,
          "column": 54
        }
      },
      "22": {
        "start": {
          "line": 138,
          "column": 8
        },
        "end": {
          "line": 138,
          "column": 54
        }
      }
    },
    "fnMap": {
      "0": {
        "name": "(anonymous_0)",
        "decl": {
          "start": {
            "line": 11,
            "column": 24
          },
          "end": {
            "line": 11,
            "column": 25
          }
        },
        "loc": {
          "start": {
            "line": 11,
            "column": 38
          },
          "end": {
            "line": 13,
            "column": 3
          }
        },
        "line": 11
      },
      "1": {
        "name": "(anonymous_1)",
        "decl": {
          "start": {
            "line": 18,
            "column": 18
          },
          "end": {
            "line": 18,
            "column": 19
          }
        },
        "loc": {
          "start": {
            "line": 20,
            "column": 6
          },
          "end": {
            "line": 120,
            "column": 1
          }
        },
        "line": 20
      },
      "2": {
        "name": "(anonymous_2)",
        "decl": {
          "start": {
            "line": 131,
            "column": 9
          },
          "end": {
            "line": 131,
            "column": 10
          }
        },
        "loc": {
          "start": {
            "line": 131,
            "column": 29
          },
          "end": {
            "line": 140,
            "column": 3
          }
        },
        "line": 131
      },
      "3": {
        "name": "(anonymous_3)",
        "decl": {
          "start": {
            "line": 133,
            "column": 27
          },
          "end": {
            "line": 133,
            "column": 28
          }
        },
        "loc": {
          "start": {
            "line": 133,
            "column": 44
          },
          "end": {
            "line": 139,
            "column": 5
          }
        },
        "line": 133
      }
    },
    "branchMap": {
      "0": {
        "loc": {
          "start": {
            "line": 5,
            "column": 0
          },
          "end": {
            "line": 15,
            "column": 1
          }
        },
        "type": "if",
        "locations": [
          {
            "start": {
              "line": 5,
              "column": 0
            },
            "end": {
              "line": 15,
              "column": 1
            }
          },
          {
            "start": {},
            "end": {}
          }
        ],
        "line": 5
      },
      "1": {
        "loc": {
          "start": {
            "line": 6,
            "column": 2
          },
          "end": {
            "line": 8,
            "column": 3
          }
        },
        "type": "if",
        "locations": [
          {
            "start": {
              "line": 6,
              "column": 2
            },
            "end": {
              "line": 8,
              "column": 3
            }
          },
          {
            "start": {},
            "end": {}
          }
        ],
        "line": 6
      },
      "2": {
        "loc": {
          "start": {
            "line": 22,
            "column": 144
          },
          "end": {
            "line": 30,
            "column": 12
          }
        },
        "type": "cond-expr",
        "locations": [
          {
            "start": {
              "line": 22,
              "column": 176
            },
            "end": {
              "line": 26,
              "column": 12
            }
          },
          {
            "start": {
              "line": 26,
              "column": 31
            },
            "end": {
              "line": 30,
              "column": 12
            }
          }
        ],
        "line": 22
      },
      "3": {
        "loc": {
          "start": {
            "line": 45,
            "column": 6
          },
          "end": {
            "line": 57,
            "column": 14
          }
        },
        "type": "binary-expr",
        "locations": [
          {
            "start": {
              "line": 45,
              "column": 6
            },
            "end": {
              "line": 45,
              "column": 23
            }
          },
          {
            "start": {
              "line": 45,
              "column": 43
            },
            "end": {
              "line": 57,
              "column": 14
            }
          }
        ],
        "line": 45
      },
      "4": {
        "loc": {
          "start": {
            "line": 58,
            "column": 6
          },
          "end": {
            "line": 70,
            "column": 14
          }
        },
        "type": "binary-expr",
        "locations": [
          {
            "start": {
              "line": 58,
[...]
      "17": 5,
      "18": 0,
      "19": 0,
      "20": 0,
      "21": 0,
      "22": 0
    },
    "f": {
      "0": 5,
      "1": 10,
      "2": 5,
      "3": 0
    },
    "b": {
      "0": [
        5,
        0
      ],
      "1": [
        0,
        5
      ],
      "2": [
        5,
        0
      ],
      "3": [
        0,
        0
      ],
      "4": [
        0,
        0
      ]
    },
    "inputSourceMap": {
      "version": 3,
      "mappings": "AAMI,mBACE,cADF;AANJ,2BAAuB;AAAkB;AAAA;AAAA;AAAA;AAAA;AAAA;AAAA;AAAA;AAAA;AAAA;AAAA;AAAA;AAAA;AAAA;AACzC,OAAOA,YAAY;AACnB,OAAO;AAEP,MAAMC,SAASA,MAAM;AACnB,SACE,mCACE;AAAA,2BAAC,YAAD;AAAA;AAAA;AAAA;AAAA,WAAO;AAAA,IACP,uBAAC,UACC,iCAAC,SAAI,WAAU,aACb,iCAAC,YAAD;AAAA;AAAA;AAAA;AAAA,WAAO,KADT;AAAA;AAAA;AAAA;AAAA,WAEA,KAHF;AAAA;AAAA;AAAA;AAAA,WAIA;AAAA,OANF;AAAA;AAAA;AAAA;AAAA,SAOA;AAEJ;AAAEC,KAXID;AAaN,eAAeA;AAAO;AAAAE",
      "names": [
        "Header",
        "Layout",
        "_c",
        "$RefreshReg$"
      ],
      "sources": [
        "C:/Users/Rifat/Desktop/Study/react-cource/src/components/layout/index.tsx"
      ],
      "file": "C:/Users/Rifat/Desktop/Study/react-cource/src/components/layout/index.tsx"
    },
    "_coverageSchema": "1a1c01bbd47fc00a2c39e90264f33305004495a9",
    "hash": "aa4f582c57e514d5872a3b085c34430d2551eeb2"
  },
  "C:/Users/Rifat/Desktop/Study/react-cource/src/App.tsx": {
    "path": "C:/Users/Rifat/Desktop/Study/react-cource/src/App.tsx",
    "statementMap": {
      "0": {
        "start": {
          "line": 5,
          "column": 0
        },
        "end": {
          "line": 15,
          "column": 1
        }
      },
      "1": {
        "start": {
          "line": 6,
          "column": 2
        },
        "end": {
          "line": 8,
          "column": 3
        }
      },
      "2": {
        "start": {
          "line": 7,
          "column": 4
        },
        "end": {
          "line": 7,
          "column": 165
        }
      },
      "3": {
        "start": {
          "line": 9,
          "column": 2
        },
        "end": {
          "line": 9,
          "column": 39
        }
      },
      "4": {
        "start": {
          "line": 10,
          "column": 2
        },
        "end": {
          "line": 10,
          "column": 39
        }
      },
      "5": {
        "start": {
          "line": 11,
          "column": 2
        },
        "end": {
          "line": 13,
          "column": 4
        }
      },
      "6": {
        "start": {
          "line": 12,
          "column": 4
        },
        "end": {
          "line": 12,
          "column": 97
        }
      },
      "7": {
        "start": {
          "line": 14,
          "column": 2
        },
        "end": {
          "line": 14,
          "column": 75
        }
      },
      "8": {
        "start": {
          "line": 24,
          "column": 2
        },
        "end": {
          "line": 86,
          "column": 11
        }
      },
      "9": {
        "start": {
          "line": 88,
          "column": 0
        },
        "end": {
          "line": 88,
          "column": 9
        }
      },
      "10": {
        "start": {
          "line": 91,
          "column": 0
        },
        "end": {
          "line": 91,
          "column": 24
        }
      },
      "11": {
        "start": {
          "line": 92,
          "column": 0
        },
        "end": {
          "line": 108,
          "column": 1
        }
      },
      "12": {
        "start": {
          "line": 93,
          "column": 2
        },
        "end": {
          "line": 93,
          "column": 39
        }
      },
      "13": {
        "start": {
          "line": 94,
          "column": 2
        },
        "end": {
          "line": 94,
          "column": 39
        }
      },
      "14": {
        "start": {
          "line": 95,
          "column": 2
        },
        "end": {
          "line": 107,
          "column": 5
        }
      },
      "15": {
        "start": {
          "line": 99,
          "column": 4
        },
        "end": {
          "line": 99,
          "column": 123
        }
      },
      "16": {
        "start": {
          "line": 100,
          "column": 4
        },
        "end": {
          "line": 106,
          "column": 7
        }
      },
      "17": {
        "start": {
          "line": 101,
          "column": 6
        },
        "end": {
          "line": 102,
          "column": 15
        }
      },
      "18": {
        "start": {
          "line": 102,
          "column": 8
        },
        "end": {
          "line": 102,
          "column": 15
        }
      },
      "19": {
        "start": {
          "line": 103,
          "column": 32
        },
        "end": {
          "line": 103,
          "column": 115
        }
      },
      "20": {
        "start": {
          "line": 104,
          "column": 6
        },
        "end": {
          "line": 105,
          "column": 54
        }
      },
      "21": {
        "start": {
          "line": 105,
          "column": 8
        },
        "end": {
          "line": 105,
          "column": 54
        }
      }
    },
    "fnMap": {
      "0": {
        "name": "(anonymous_0)",
        "decl": {
          "start": {
            "line": 11,
            "column": 24
          },
          "end": {
            "line": 11,
            "column": 25
          }
        },
        "loc": {
          "start": {
            "line": 11,
            "column": 38
          },
          "end": {
            "line": 13,
            "column": 3
          }
        },
        "line": 11
      },
      "1": {
        "name": "App",
        "decl": {
          "start": {
            "line": 23,
            "column": 9
          },
          "end": {
            "line": 23,
            "column": 12
          }
        },
        "loc": {
          "start": {
            "line": 23,
            "column": 15
          },
          "end": {
            "line": 87,
            "column": 1
          }
        },
        "line": 23
      },
      "2": {
        "name": "(anonymous_2)",
        "decl": {
          "start": {
            "line": 98,
            "column": 9
          },
          "end": {
            "line": 98,
            "column": 10
          }
        },
        "loc": {
          "start": {
            "line": 98,
            "column": 29
          },
          "end": {
            "line": 107,
            "column": 3
          }
        },
        "line": 98
      },
      "3": {
        "name": "(anonymous_3)",
        "decl": {
          "start": {
            "line": 100,
            "column": 27
          },
          "end": {
            "line": 100,
            "column": 28
          }
        },
        "loc": {
          "start": {
            "line": 100,
            "column": 44
          },
          "end": {
            "line": 106,
            "column": 5
          }
        },
        "line": 100
      }
    },
    "branchMap": {
      "0": {
        "loc": {
          "start": {
            "line": 5,
            "column": 0
          },
          "end": {
            "line": 15,
            "column": 1
          }
        },
        "type": "if",
        "locations": [
          {
            "start": {
              "line": 5,
              "column": 0
            },
            "end": {
              "line": 15,
              "column": 1
            }
          },
          {
            "start": {},
            "end": {}
          }
        ],
        "line": 5
      },
      "1": {
        "loc": {
          "start": {
            "line": 6,
            "column": 2
          },
          "end": {
            "line": 8,
            "column": 3
          }
        },
        "type": "if",
        "locations": [
          {
            "start": {
              "line": 6,
              "column": 2
            },
            "end": {
              "line": 8,
              "column": 3
            }
          },
          {
            "start": {},
            "end": {}
          }
        ],
        "line": 6
      },
      "2": {
        "loc": {
          "start": {
            "line": 92,
            "column": 0
          },
          "end": {
            "line": 108,
            "column": 1
          }
        },
        "type": "if",
        "locations": [
          {
            "start": {
              "line": 92,
              "column": 0
            },
            "end": {
              "line": 108,
              "column": 1
            }
          },
          {
            "start": {},
            "end": {}
          }
        ],
        "line": 92
      },
      "3": {
        "loc": {
          "start": {
            "line": 101,
            "column": 6
          },
          "end": {
            "line": 102,
            "column": 15
          }
        },
        "type": "if",
        "locations": [
          {
            "start": {
              "line": 101,
              "column": 6
            },
            "end": {
              "line": 102,
              "column": 15
            }
          },
          {
            "start": {},
            "end": {}
          }
        ],
        "line": 101
      },
      "4": {
        "loc": {
          "start": {
            "line": 104,
            "column": 6
          },
          "end": {
            "line": 105,
            "column": 54
          }
        },
        "type": "if",
        "locations": [
          {
            "start": {
              "line": 104,
              "column": 6
            },
            "end": {
              "line": 105,
              "column": 54
            }
          },
          {
            "start": {},
            "end": {}
          }
        ],
        "line": 104
      }
    },
    "s": {
      "0": 5,
      "1": 5,
      "2": 0,
      "3": 5,
      "4": 5,
      "5": 5,
      "6": 5,
      "7": 5,
      "8": 10,
      "9": 5,
      "10": 5,
      "11": 5,
      "12": 5,
      "13": 5,
      "14": 5,
      "15": 5,
      "16": 5,
      "17": 0,
      "18": 0,
      "19": 0,
      "20": 0,
      "21": 0
    },
    "f": {
      "0": 5,
      "1": 10,
      "2": 5,
      "3": 0
    },
    "b": {
      "0": [
        5,
        0
      ],
      "1": [
        0,
        5
      ],
      "2": [
        5,
        0
      ],
      "3": [
        0,
        0
      ],
      "4": [
        0,
        0
      ]
    },
    "inputSourceMap": {
      "version": 3,
      "mappings": "AAUI,mBAE6B,cAF7B;AAVJ,OAAO,oBAAW;AAAA;AAAA;AAAA;AAAA;AAAA;AAAA;AAAA;AAAA;AAAA;AAAA;AAAA;AAAA;AAAA;AAAA;AAClB,SAASA,OAAOC,cAAc;AAC9B,OAAOC,UAAU;AACjB,OAAOC,WAAW;AAClB,OAAOC,cAAc;AACrB,OAAOC,UAAU;AACjB,OAAOC,YAAY;AAEnB,SAASC,MAAM;AACb,SACE,mCACE,iCAAC,UACC,iCAAC,SAAM,MAAK,KAAI,SAAS,uBAAC,YAAD;AAAA;AAAA;AAAA;AAAA,SAAO,GAC9B;AAAA,2BAAC,SAAM,OAAK,MAAC,SAAS,uBAAC,UAAD;AAAA;AAAA;AAAA;AAAA,WAAK,KAA3B;AAAA;AAAA;AAAA;AAAA,WAA+B;AAAA,IAC/B,uBAAC,SAAM,MAAK,YAAW,SAAS,uBAAC,WAAD;AAAA;AAAA;AAAA;AAAA,WAAM,KAAtC;AAAA;AAAA;AAAA;AAAA,WAA0C;AAAA,IAC1C,uBAAC,SAAM,MAAK,QAAO,SAAS,uBAAC,UAAD;AAAA;AAAA;AAAA;AAAA,WAAK,KAAjC;AAAA;AAAA;AAAA;AAAA,WAAqC;AAAA,IACrC,uBAAC,SAAM,MAAK,KAAI,SAAS,uBAAC,cAAD;AAAA;AAAA;AAAA;AAAA,WAAS,KAAlC;AAAA;AAAA;AAAA;AAAA,WAAsC;AAAA,IACtC,uBAAC,SAAM,MAAK,OAAM,SAAS,uBAAC,cAAD;AAAA;AAAA;AAAA;AAAA,WAAS,KAApC;AAAA;AAAA;AAAA;AAAA,WAAwC;AAAA,OAL1C;AAAA;AAAA;AAAA;AAAA,SAMA,KAPF;AAAA;AAAA;AAAA;AAAA,SAQA,KATF;AAAA;AAAA;AAAA;AAAA,SAUA;AAEJ;AAACC,KAdQD;AAgBT,eAAeA;AAAI;AAAAE",
      "names": [
        "Route",
        "Routes",
        "Home",
        "About",
        "NotFound",
        "Form",
        "Layout",
        "App",
        "_c",
        "$RefreshReg$"
      ],
      "sources": [
        "C:/Users/Rifat/Desktop/Study/react-cource/src/App.tsx"
      ],
      "file": "C:/Users/Rifat/Desktop/Study/react-cource/src/App.tsx"
    },
    "_coverageSchema": "1a1c01bbd47fc00a2c39e90264f33305004495a9",
    "hash": "e4e505dfb62be3804f8f0e647293d553bdc9d160"
  },
  "C:/Users/Rifat/Desktop/Study/react-cource/src/store/store.ts": {
    "path": "C:/Users/Rifat/Desktop/Study/react-cource/src/store/store.ts",
    "statementMap": {
      "0": {
        "start": {
          "line": 5,
          "column": 20
        },
        "end": {
          "line": 9,
          "column": 2
        }
      },
      "1": {
        "start": {
          "line": 10,
          "column": 26
        },
        "end": {
          "line": 15,
          "column": 1
        }
      },
      "2": {
        "start": {
          "line": 11,
          "column": 2
        },
        "end": {
          "line": 14,
          "column": 5
        }
      },
      "3": {
        "start": {
          "line": 13,
          "column": 42
        },
        "end": {
          "line": 13,
          "column": 91
        }
      }
    },
    "fnMap": {
      "0": {
        "name": "(anonymous_0)",
        "decl": {
          "start": {
            "line": 10,
            "column": 26
          },
          "end": {
            "line": 10,
            "column": 27
          }
        },
        "loc": {
          "start": {
            "line": 10,
            "column": 32
          },
          "end": {
            "line": 15,
            "column": 1
          }
        },
        "line": 10
      },
      "1": {
        "name": "(anonymous_1)",
        "decl": {
          "start": {
            "line": 13,
            "column": 16
          },
          "end": {
            "line": 13,
            "column": 17
          }
        },
        "loc": {
          "start": {
            "line": 13,
            "column": 42
          },
          "end": {
            "line": 13,
            "column": 91
          }
        },
        "line": 13
      }
    },
    "branchMap": {},
    "s": {
      "0": 5,
      "1": 5,
      "2": 5,
      "3": 5
    },
    "f": {
      "0": 5,
      "1": 5
    },
    "b": {},
    "inputSourceMap": {
      "version": 3,
      "sources": [
        "C:/Users/Rifat/Desktop/Study/react-cource/src/store/store.ts"
      ],
      "mappings": "AAAA,SAAS,iBAAiB,sBAAsB;AAChD,OAAO,mBAAmB;AAC1B,OAAO,iBAAiB;AACxB,SAAS,eAAe;AAExB,MAAM,cAAc,gBAAgB;AAAA,EAClC;AAAA,EACA;AAAA,EACA,CAAC,QAAQ,WAAW,GAAG,QAAQ;AACjC,CAAC;AAEM,aAAM,aAAa,MAAM;AAC9B,SAAO,eAAe;AAAA,IACpB,SAAS;AAAA,IACT,YAAY,CAAC,yBAAyB,qBAAqB,EAAE,OAAO,QAAQ,UAAU;AAAA,EACxF,CAAC;AACH;",
      "names": []
    },
    "_coverageSchema": "1a1c01bbd47fc00a2c39e90264f33305004495a9",
    "hash": "5e24a1af7c0be3a4d6d5f41364908e3ca4a4e84e"
  },
  "C:/Users/Rifat/Desktop/Study/react-cource/src/entry-client.tsx": {
    "path": "C:/Users/Rifat/Desktop/Study/react-cource/src/entry-client.tsx",
    "statementMap": {
      "0": {
        "start": {
          "line": 9,
          "column": 14
        },
        "end": {
          "line": 9,
          "column": 26
        }
      },
      "1": {
        "start": {
          "line": 10,
          "column": 0
        },
        "end": {
          "line": 26,
          "column": 10
        }
      }
    },
    "fnMap": {},
    "branchMap": {},
    "s": {
      "0": 5,
      "1": 5
    },
    "f": {},
    "b": {},
    "inputSourceMap": {
      "version": 3,
      "mappings": "AAeQ;AAfR,OAAOA,WAAW;AAClB,OAAOC,cAAc;AACrB,SAASC,qBAAqB;AAC9B,OAAOC,SAAS;AAChB,OAAO;AACP,SAASC,gBAAgB;AACzB,SAASC,kBAAkB;AAE3B,MAAMC,QAAQD,WAAU;AAExBJ,SAASM,YACPC,SAASC,eAAe,MAAM,GAC9B,uBAAC,MAAM,YAAN,EACC,iCAAC,YAAS,OACR,iCAAC,iBACC,iCAAC,SAAD;AAAA;AAAA;AAAA;AAAA,OAAI,KADN;AAAA;AAAA;AAAA;AAAA,OAEA,KAHF;AAAA;AAAA;AAAA;AAAA,OAIA,KALF;AAAA;AAAA;AAAA;AAAA,OAMA,CAAmB",
      "names": [
        "React",
        "ReactDOM",
        "BrowserRouter",
        "App",
        "Provider",
        "setupStore",
        "store",
        "hydrateRoot",
        "document",
        "getElementById"
      ],
      "sources": [
        "C:/Users/Rifat/Desktop/Study/react-cource/src/entry-client.tsx"
      ],
      "file": "C:/Users/Rifat/Desktop/Study/react-cource/src/entry-client.tsx"
    },
    "_coverageSchema": "1a1c01bbd47fc00a2c39e90264f33305004495a9",
    "hash": "b5495205cb115f3f613942666b4436a444ba3c0c"
  },
  "C:/Users/Rifat/Desktop/Study/react-cource/src/constant/card.ts": {
    "path": "C:/Users/Rifat/Desktop/Study/react-cource/src/constant/card.ts",
    "statementMap": {},
    "fnMap": {},
    "branchMap": {},
    "s": {},
    "f": {},
    "b": {}
  },
  "C:/Users/Rifat/Desktop/Study/react-cource/src/constant/cardsArray.ts": {
    "path": "C:/Users/Rifat/Desktop/Study/react-cource/src/constant/cardsArray.ts",
    "statementMap": {},
    "fnMap": {},
    "branchMap": {},
    "s": {},
    "f": {},
    "b": {}
  },
  "C:/Users/Rifat/Desktop/Study/react-cource/src/store/interface.ts": {
    "path": "C:/Users/Rifat/Desktop/Study/react-cource/src/store/interface.ts",
    "statementMap": {},
    "fnMap": {},
    "branchMap": {},
    "s": {},
    "f": {},
    "b": {}
  },
  "C:/Users/Rifat/Desktop/Study/react-cource/src/components/card/interface.ts": {
    "path": "C:/Users/Rifat/Desktop/Study/react-cource/src/components/card/interface.ts",
    "statementMap": {},
    "fnMap": {},
    "branchMap": {},
    "s": {},
    "f": {},
    "b": {}
  },
  "C:/Users/Rifat/Desktop/Study/react-cource/src/components/form/interface.ts": {
    "path": "C:/Users/Rifat/Desktop/Study/react-cource/src/components/form/interface.ts",
    "statementMap": {},
    "fnMap": {},
    "branchMap": {},
    "s": {},
    "f": {},
    "b": {}
  },
  "C:/Users/Rifat/Desktop/Study/react-cource/src/pages/HomePage/constant.ts": {
    "path": "C:/Users/Rifat/Desktop/Study/react-cource/src/pages/HomePage/constant.ts",
    "statementMap": {},
    "fnMap": {},
    "branchMap": {},
    "s": {},
    "f": {},
    "b": {}
  },
  "C:/Users/Rifat/Desktop/Study/react-cource/src/App.test.tsx": {
    "path": "C:/Users/Rifat/Desktop/Study/react-cource/src/App.test.tsx",
    "statementMap": {},
    "fnMap": {},
    "branchMap": {},
    "s": {},
    "f": {},
    "b": {}
  },
  "C:/Users/Rifat/Desktop/Study/react-cource/src/entry-server.tsx": {
    "path": "C:/Users/Rifat/Desktop/Study/react-cource/src/entry-server.tsx",
    "statementMap": {},
    "fnMap": {},
    "branchMap": {},
    "s": {},
    "f": {},
    "b": {}
  },
  "C:/Users/Rifat/Desktop/Study/react-cource/src/components/card/index.test.tsx": {
    "path": "C:/Users/Rifat/Desktop/Study/react-cource/src/components/card/index.test.tsx",
    "statementMap": {},
    "fnMap": {},
    "branchMap": {},
    "s": {},
    "f": {},
    "b": {}
  },
  "C:/Users/Rifat/Desktop/Study/react-cource/src/components/cardsList/index.test.tsx": {
    "path": "C:/Users/Rifat/Desktop/Study/react-cource/src/components/cardsList/index.test.tsx",
    "statementMap": {},
    "fnMap": {},
    "branchMap": {},
    "s": {},
    "f": {},
    "b": {}
  },
  "C:/Users/Rifat/Desktop/Study/react-cource/src/components/search/index.test.tsx": {
    "path": "C:/Users/Rifat/Desktop/Study/react-cource/src/components/search/index.test.tsx",
    "statementMap": {},
    "fnMap": {},
    "branchMap": {},
    "s": {},
    "f": {},
    "b": {}
  },
  "C:/Users/Rifat/Desktop/Study/react-cource/src/pages/FormPage/index.test.tsx": {
    "path": "C:/Users/Rifat/Desktop/Study/react-cource/src/pages/FormPage/index.test.tsx",
    "statementMap": {},
    "fnMap": {},
    "branchMap": {},
    "s": {},
    "f": {},
    "b": {}
  },
  "C:/Users/Rifat/Desktop/Study/react-cource/src/pages/HomePage/index.test.tsx": {
    "path": "C:/Users/Rifat/Desktop/Study/react-cource/src/pages/HomePage/index.test.tsx",
    "statementMap": {},
    "fnMap": {},
    "branchMap": {},
    "s": {},
    "f": {},
    "b": {}
  },
  "C:/Users/Rifat/Desktop/Study/react-cource/src/components/UI/inputText/index.test.tsx": {
    "path": "C:/Users/Rifat/Desktop/Study/react-cource/src/components/UI/inputText/index.test.tsx",
    "statementMap": {},
    "fnMap": {},
    "branchMap": {},
    "s": {},
    "f": {},
    "b": {}
  }
}
