{"C:/Users/Rifat/Desktop/Study/react-cource/src/App.test.tsx": {"path":"C:/Users/Rifat/Desktop/Study/react-cource/src/App.test.tsx","statementMap":{},"fnMap":{},"branchMap":{},"s":{},"f":{},"b":{}}
,"C:/Users/Rifat/Desktop/Study/react-cource/src/App.tsx": {"path":"C:/Users/Rifat/Desktop/Study/react-cource/src/App.tsx","statementMap":{"0":{"start":{"line":1,"column":18},"end":{"line":1,"column":null}},"1":{"start":{"line":10,"column":2},"end":{"line":21,"column":null}},"2":{"start":{"line":23,"column":1},"end":{"line":9,"column":15}},"3":{"start":{"line":25,"column":19},"end":{"line":25,"column":null}}},"fnMap":{"0":{"name":"(anonymous_0)","decl":{"start":{"line":1,"column":18},"end":{"line":1,"column":null}},"loc":{"start":{"line":1,"column":18},"end":{"line":1,"column":null}}},"1":{"name":"App","decl":{"start":{"line":9,"column":9},"end":{"line":9,"column":15}},"loc":{"start":{"line":9,"column":15},"end":{"line":23,"column":1}}}},"branchMap":{"0":{"loc":{"start":{"line":1,"column":18},"end":{"line":1,"column":null}},"type":"if","locations":[{"start":{"line":1,"column":18},"end":{"line":1,"column":null}}]}},"s":{"0":28,"1":8,"2":4,"3":4},"f":{"0":4,"1":8},"b":{"0":[4]}}
,"C:/Users/Rifat/Desktop/Study/react-cource/src/entry-client.tsx": {"path":"C:/Users/Rifat/Desktop/Study/react-cource/src/entry-client.tsx","statementMap":{"0":{"start":{"line":9,"column":14},"end":{"line":9,"column":null}},"1":{"start":{"line":11,"column":0},"end":{"line":19,"column":null}}},"fnMap":{},"branchMap":{},"s":{"0":4,"1":4},"f":{},"b":{}}
,"C:/Users/Rifat/Desktop/Study/react-cource/src/entry-server.tsx": {"path":"C:/Users/Rifat/Desktop/Study/react-cource/src/entry-server.tsx","statementMap":{},"fnMap":{},"branchMap":{},"s":{},"f":{},"b":{}}
,"C:/Users/Rifat/Desktop/Study/react-cource/src/components/UI/button/index.tsx": {"path":"C:/Users/Rifat/Desktop/Study/react-cource/src/components/UI/button/index.tsx","statementMap":{"0":{"start":{"line":1,"column":40},"end":{"line":1,"column":null}},"1":{"start":{"line":9,"column":15},"end":{"line":18,"column":2}},"2":{"start":{"line":10,"column":2},"end":{"line":15,"column":null}},"3":{"start":{"line":18,"column":2},"end":{"line":9,"column":15}},"4":{"start":{"line":20,"column":22},"end":{"line":20,"column":null}}},"fnMap":{"0":{"name":"(anonymous_0)","decl":{"start":{"line":1,"column":40},"end":{"line":1,"column":null}},"loc":{"start":{"line":1,"column":40},"end":{"line":1,"column":null}}},"1":{"name":"(anonymous_1)","decl":{"start":{"line":9,"column":15},"end":{"line":9,"column":16}},"loc":{"start":{"line":9,"column":67},"end":{"line":18,"column":2}}}},"branchMap":{"0":{"loc":{"start":{"line":1,"column":40},"end":{"line":1,"column":null}},"type":"if","locations":[{"start":{"line":1,"column":40},"end":{"line":1,"column":null}}]},"1":{"loc":{"start":{"line":9,"column":30},"end":{"line":9,"column":61}},"type":"default-arg","locations":[{"start":{"line":9,"column":45},"end":{"line":9,"column":61}}]}},"s":{"0":28,"1":4,"2":14,"3":4,"4":4},"f":{"0":4,"1":14},"b":{"0":[4],"1":[0]}}
,"C:/Users/Rifat/Desktop/Study/react-cource/src/components/UI/checkbox/index.tsx": {"path":"C:/Users/Rifat/Desktop/Study/react-cource/src/components/UI/checkbox/index.tsx","statementMap":{"0":{"start":{"line":1,"column":61},"end":{"line":1,"column":null}},"1":{"start":{"line":11,"column":17},"end":{"line":23,"column":2}},"2":{"start":{"line":12,"column":2},"end":{"line":21,"column":null}},"3":{"start":{"line":23,"column":2},"end":{"line":11,"column":17}},"4":{"start":{"line":25,"column":24},"end":{"line":25,"column":null}}},"fnMap":{"0":{"name":"(anonymous_0)","decl":{"start":{"line":1,"column":61},"end":{"line":1,"column":null}},"loc":{"start":{"line":1,"column":61},"end":{"line":1,"column":null}}},"1":{"name":"(anonymous_1)","decl":{"start":{"line":11,"column":17},"end":{"line":11,"column":18}},"loc":{"start":{"line":11,"column":65},"end":{"line":23,"column":2}}}},"branchMap":{"0":{"loc":{"start":{"line":1,"column":61},"end":{"line":1,"column":null}},"type":"if","locations":[{"start":{"line":1,"column":61},"end":{"line":1,"column":null}}]},"1":{"loc":{"start":{"line":16,"column":7},"end":{"line":19,"column":null}},"type":"binary-expr","locations":[{"start":{"line":16,"column":7},"end":{"line":16,"column":null}},{"start":{"line":17,"column":8},"end":{"line":19,"column":null}}]}},"s":{"0":28,"1":4,"2":14,"3":4,"4":4},"f":{"0":4,"1":14},"b":{"0":[4],"1":[14,2]}}
,"C:/Users/Rifat/Desktop/Study/react-cource/src/components/UI/date/index.tsx": {"path":"C:/Users/Rifat/Desktop/Study/react-cource/src/components/UI/date/index.tsx","statementMap":{"0":{"start":{"line":1,"column":61},"end":{"line":1,"column":null}},"1":{"start":{"line":11,"column":18},"end":{"line":23,"column":2}},"2":{"start":{"line":12,"column":2},"end":{"line":21,"column":null}},"3":{"start":{"line":23,"column":2},"end":{"line":11,"column":18}},"4":{"start":{"line":25,"column":25},"end":{"line":25,"column":null}}},"fnMap":{"0":{"name":"(anonymous_0)","decl":{"start":{"line":1,"column":61},"end":{"line":1,"column":null}},"loc":{"start":{"line":1,"column":61},"end":{"line":1,"column":null}}},"1":{"name":"(anonymous_1)","decl":{"start":{"line":11,"column":18},"end":{"line":11,"column":19}},"loc":{"start":{"line":11,"column":66},"end":{"line":23,"column":2}}}},"branchMap":{"0":{"loc":{"start":{"line":1,"column":61},"end":{"line":1,"column":null}},"type":"if","locations":[{"start":{"line":1,"column":61},"end":{"line":1,"column":null}}]},"1":{"loc":{"start":{"line":16,"column":7},"end":{"line":19,"column":null}},"type":"binary-expr","locations":[{"start":{"line":16,"column":7},"end":{"line":16,"column":null}},{"start":{"line":17,"column":8},"end":{"line":19,"column":null}}]}},"s":{"0":28,"1":4,"2":14,"3":4,"4":4},"f":{"0":4,"1":14},"b":{"0":[4],"1":[14,2]}}
,"C:/Users/Rifat/Desktop/Study/react-cource/src/components/UI/file/index.tsx": {"path":"C:/Users/Rifat/Desktop/Study/react-cource/src/components/UI/file/index.tsx","statementMap":{"0":{"start":{"line":1,"column":61},"end":{"line":1,"column":null}},"1":{"start":{"line":11,"column":18},"end":{"line":25,"column":2}},"2":{"start":{"line":12,"column":2},"end":{"line":23,"column":null}},"3":{"start":{"line":25,"column":2},"end":{"line":11,"column":18}},"4":{"start":{"line":27,"column":25},"end":{"line":27,"column":null}}},"fnMap":{"0":{"name":"(anonymous_0)","decl":{"start":{"line":1,"column":61},"end":{"line":1,"column":null}},"loc":{"start":{"line":1,"column":61},"end":{"line":1,"column":null}}},"1":{"name":"(anonymous_1)","decl":{"start":{"line":11,"column":18},"end":{"line":11,"column":19}},"loc":{"start":{"line":11,"column":66},"end":{"line":25,"column":2}}}},"branchMap":{"0":{"loc":{"start":{"line":1,"column":61},"end":{"line":1,"column":null}},"type":"if","locations":[{"start":{"line":1,"column":61},"end":{"line":1,"column":null}}]},"1":{"loc":{"start":{"line":18,"column":7},"end":{"line":21,"column":null}},"type":"binary-expr","locations":[{"start":{"line":18,"column":7},"end":{"line":18,"column":null}},{"start":{"line":19,"column":8},"end":{"line":21,"column":null}}]}},"s":{"0":28,"1":4,"2":14,"3":4,"4":4},"f":{"0":4,"1":14},"b":{"0":[4],"1":[14,2]}}
,"C:/Users/Rifat/Desktop/Study/react-cource/src/components/UI/inputText/index.test.tsx": {"path":"C:/Users/Rifat/Desktop/Study/react-cource/src/components/UI/inputText/index.test.tsx","statementMap":{},"fnMap":{},"branchMap":{},"s":{},"f":{},"b":{}}
,"C:/Users/Rifat/Desktop/Study/react-cource/src/components/UI/inputText/index.tsx": {"path":"C:/Users/Rifat/Desktop/Study/react-cource/src/components/UI/inputText/index.tsx","statementMap":{"0":{"start":{"line":1,"column":61},"end":{"line":1,"column":null}},"1":{"start":{"line":11,"column":18},"end":{"line":23,"column":2}},"2":{"start":{"line":12,"column":2},"end":{"line":21,"column":null}},"3":{"start":{"line":23,"column":2},"end":{"line":11,"column":18}},"4":{"start":{"line":25,"column":25},"end":{"line":25,"column":null}}},"fnMap":{"0":{"name":"(anonymous_0)","decl":{"start":{"line":1,"column":61},"end":{"line":1,"column":null}},"loc":{"start":{"line":1,"column":61},"end":{"line":1,"column":null}}},"1":{"name":"(anonymous_1)","decl":{"start":{"line":11,"column":18},"end":{"line":11,"column":19}},"loc":{"start":{"line":11,"column":66},"end":{"line":23,"column":2}}}},"branchMap":{"0":{"loc":{"start":{"line":1,"column":61},"end":{"line":1,"column":null}},"type":"if","locations":[{"start":{"line":1,"column":61},"end":{"line":1,"column":null}}]},"1":{"loc":{"start":{"line":16,"column":7},"end":{"line":19,"column":null}},"type":"binary-expr","locations":[{"start":{"line":16,"column":7},"end":{"line":16,"column":null}},{"start":{"line":17,"column":8},"end":{"line":19,"column":null}}]}},"s":{"0":28,"1":4,"2":28,"3":4,"4":4},"f":{"0":4,"1":28},"b":{"0":[4],"1":[28,4]}}
,"C:/Users/Rifat/Desktop/Study/react-cource/src/components/UI/loader/index.tsx": {"path":"C:/Users/Rifat/Desktop/Study/react-cource/src/components/UI/loader/index.tsx","statementMap":{"0":{"start":{"line":1,"column":40},"end":{"line":1,"column":null}},"1":{"start":{"line":3,"column":15},"end":{"line":22,"column":2}},"2":{"start":{"line":4,"column":2},"end":{"line":20,"column":null}},"3":{"start":{"line":22,"column":2},"end":{"line":3,"column":15}},"4":{"start":{"line":24,"column":22},"end":{"line":24,"column":null}}},"fnMap":{"0":{"name":"(anonymous_0)","decl":{"start":{"line":1,"column":40},"end":{"line":1,"column":null}},"loc":{"start":{"line":1,"column":40},"end":{"line":1,"column":null}}},"1":{"name":"(anonymous_1)","decl":{"start":{"line":3,"column":15},"end":{"line":3,"column":21}},"loc":{"start":{"line":3,"column":21},"end":{"line":22,"column":2}}}},"branchMap":{"0":{"loc":{"start":{"line":1,"column":40},"end":{"line":1,"column":null}},"type":"if","locations":[{"start":{"line":1,"column":40},"end":{"line":1,"column":null}}]}},"s":{"0":28,"1":4,"2":14,"3":4,"4":4},"f":{"0":4,"1":14},"b":{"0":[4]}}
,"C:/Users/Rifat/Desktop/Study/react-cource/src/components/UI/radio/index.tsx": {"path":"C:/Users/Rifat/Desktop/Study/react-cource/src/components/UI/radio/index.tsx","statementMap":{"0":{"start":{"line":1,"column":49},"end":{"line":1,"column":null}},"1":{"start":{"line":11,"column":14},"end":{"line":24,"column":2}},"2":{"start":{"line":12,"column":2},"end":{"line":22,"column":null}},"3":{"start":{"line":24,"column":2},"end":{"line":11,"column":14}},"4":{"start":{"line":26,"column":21},"end":{"line":26,"column":null}}},"fnMap":{"0":{"name":"(anonymous_0)","decl":{"start":{"line":1,"column":49},"end":{"line":1,"column":null}},"loc":{"start":{"line":1,"column":49},"end":{"line":1,"column":null}}},"1":{"name":"(anonymous_1)","decl":{"start":{"line":11,"column":14},"end":{"line":11,"column":15}},"loc":{"start":{"line":11,"column":62},"end":{"line":24,"column":2}}}},"branchMap":{"0":{"loc":{"start":{"line":1,"column":49},"end":{"line":1,"column":null}},"type":"if","locations":[{"start":{"line":1,"column":49},"end":{"line":1,"column":null}}]}},"s":{"0":28,"1":4,"2":28,"3":4,"4":4},"f":{"0":4,"1":28},"b":{"0":[4]}}
,"C:/Users/Rifat/Desktop/Study/react-cource/src/components/UI/select/index.tsx": {"path":"C:/Users/Rifat/Desktop/Study/react-cource/src/components/UI/select/index.tsx","statementMap":{"0":{"start":{"line":1,"column":61},"end":{"line":1,"column":null}},"1":{"start":{"line":12,"column":15},"end":{"line":32,"column":2}},"2":{"start":{"line":13,"column":2},"end":{"line":30,"column":null}},"3":{"start":{"line":18,"column":10},"end":{"line":21,"column":null}},"4":{"start":{"line":32,"column":2},"end":{"line":12,"column":15}},"5":{"start":{"line":34,"column":22},"end":{"line":34,"column":null}}},"fnMap":{"0":{"name":"(anonymous_0)","decl":{"start":{"line":1,"column":61},"end":{"line":1,"column":null}},"loc":{"start":{"line":1,"column":61},"end":{"line":1,"column":null}}},"1":{"name":"(anonymous_1)","decl":{"start":{"line":12,"column":15},"end":{"line":12,"column":16}},"loc":{"start":{"line":12,"column":72},"end":{"line":32,"column":2}}},"2":{"name":"(anonymous_2)","decl":{"start":{"line":17,"column":22},"end":{"line":17,"column":33}},"loc":{"start":{"line":17,"column":33},"end":{"line":23,"column":9}}}},"branchMap":{"0":{"loc":{"start":{"line":1,"column":61},"end":{"line":1,"column":null}},"type":"if","locations":[{"start":{"line":1,"column":61},"end":{"line":1,"column":null}}]},"1":{"loc":{"start":{"line":25,"column":7},"end":{"line":28,"column":null}},"type":"binary-expr","locations":[{"start":{"line":25,"column":7},"end":{"line":25,"column":null}},{"start":{"line":26,"column":8},"end":{"line":28,"column":null}}]}},"s":{"0":28,"1":4,"2":14,"3":2702,"4":4,"5":4},"f":{"0":4,"1":14,"2":2702},"b":{"0":[4],"1":[14,2]}}
,"C:/Users/Rifat/Desktop/Study/react-cource/src/components/card/index.test.tsx": {"path":"C:/Users/Rifat/Desktop/Study/react-cource/src/components/card/index.test.tsx","statementMap":{},"fnMap":{},"branchMap":{},"s":{},"f":{},"b":{}}
,"C:/Users/Rifat/Desktop/Study/react-cource/src/components/card/index.tsx": {"path":"C:/Users/Rifat/Desktop/Study/react-cource/src/components/card/index.tsx","statementMap":{"0":{"start":{"line":1,"column":40},"end":{"line":1,"column":null}},"1":{"start":{"line":11,"column":13},"end":{"line":37,"column":2}},"2":{"start":{"line":12,"column":2},"end":{"line":35,"column":null}},"3":{"start":{"line":16,"column":8},"end":{"line":16,"column":null}},"4":{"start":{"line":17,"column":8},"end":{"line":17,"column":null}},"5":{"start":{"line":37,"column":2},"end":{"line":11,"column":13}},"6":{"start":{"line":39,"column":20},"end":{"line":39,"column":null}}},"fnMap":{"0":{"name":"(anonymous_0)","decl":{"start":{"line":1,"column":40},"end":{"line":1,"column":null}},"loc":{"start":{"line":1,"column":40},"end":{"line":1,"column":null}}},"1":{"name":"(anonymous_1)","decl":{"start":{"line":11,"column":13},"end":{"line":11,"column":14}},"loc":{"start":{"line":11,"column":57},"end":{"line":37,"column":2}}},"2":{"name":"(anonymous_2)","decl":{"start":{"line":15,"column":15},"end":{"line":15,"column":21}},"loc":{"start":{"line":15,"column":21},"end":{"line":18,"column":null}}}},"branchMap":{"0":{"loc":{"start":{"line":1,"column":40},"end":{"line":1,"column":null}},"type":"if","locations":[{"start":{"line":1,"column":40},"end":{"line":1,"column":null}}]},"1":{"loc":{"start":{"line":22,"column":9},"end":{"line":29,"column":null}},"type":"cond-expr","locations":[{"start":{"line":23,"column":10},"end":{"line":26,"column":null}},{"start":{"line":29,"column":10},"end":{"line":29,"column":null}}]}},"s":{"0":28,"1":4,"2":100,"3":1,"4":1,"5":4,"6":4},"f":{"0":4,"1":100,"2":1},"b":{"0":[4],"1":[100,0]}}
,"C:/Users/Rifat/Desktop/Study/react-cource/src/components/card/interface.ts": {"path":"C:/Users/Rifat/Desktop/Study/react-cource/src/components/card/interface.ts","statementMap":{},"fnMap":{},"branchMap":{},"s":{},"f":{},"b":{}}
,"C:/Users/Rifat/Desktop/Study/react-cource/src/components/cardsList/index.test.tsx": {"path":"C:/Users/Rifat/Desktop/Study/react-cource/src/components/cardsList/index.test.tsx","statementMap":{},"fnMap":{},"branchMap":{},"s":{},"f":{},"b":{}}
,"C:/Users/Rifat/Desktop/Study/react-cource/src/components/cardsList/index.tsx": {"path":"C:/Users/Rifat/Desktop/Study/react-cource/src/components/cardsList/index.tsx","statementMap":{"0":{"start":{"line":1,"column":40},"end":{"line":1,"column":null}},"1":{"start":{"line":11,"column":14},"end":{"line":21,"column":2}},"2":{"start":{"line":12,"column":2},"end":{"line":19,"column":null}},"3":{"start":{"line":16,"column":10},"end":{"line":16,"column":null}},"4":{"start":{"line":21,"column":2},"end":{"line":11,"column":14}},"5":{"start":{"line":23,"column":21},"end":{"line":23,"column":null}}},"fnMap":{"0":{"name":"(anonymous_0)","decl":{"start":{"line":1,"column":40},"end":{"line":1,"column":null}},"loc":{"start":{"line":1,"column":40},"end":{"line":1,"column":null}}},"1":{"name":"(anonymous_1)","decl":{"start":{"line":11,"column":14},"end":{"line":11,"column":15}},"loc":{"start":{"line":11,"column":60},"end":{"line":21,"column":2}}},"2":{"name":"(anonymous_2)","decl":{"start":{"line":15,"column":19},"end":{"line":15,"column":20}},"loc":{"start":{"line":15,"column":36},"end":{"line":17,"column":9}}}},"branchMap":{"0":{"loc":{"start":{"line":1,"column":40},"end":{"line":1,"column":null}},"type":"if","locations":[{"start":{"line":1,"column":40},"end":{"line":1,"column":null}}]}},"s":{"0":28,"1":4,"2":10,"3":100,"4":4,"5":4},"f":{"0":4,"1":10,"2":100},"b":{"0":[4]}}
,"C:/Users/Rifat/Desktop/Study/react-cource/src/components/form/constant.ts": {"path":"C:/Users/Rifat/Desktop/Study/react-cource/src/components/form/constant.ts","statementMap":{"0":{"start":{"line":1,"column":28},"end":{"line":1,"column":null}},"1":{"start":{"line":2,"column":28},"end":{"line":2,"column":null}}},"fnMap":{},"branchMap":{},"s":{"0":4,"1":4},"f":{},"b":{}}
,"C:/Users/Rifat/Desktop/Study/react-cource/src/components/form/index.tsx": {"path":"C:/Users/Rifat/Desktop/Study/react-cource/src/components/form/index.tsx","statementMap":{"0":{"start":{"line":21,"column":13},"end":{"line":153,"column":2}},"1":{"start":{"line":21,"column":43},"end":{"line":21,"column":null}},"2":{"start":{"line":22,"column":22},"end":{"line":22,"column":null}},"3":{"start":{"line":23,"column":19},"end":{"line":23,"column":null}},"4":{"start":{"line":30,"column":6},"end":{"line":30,"column":null}},"5":{"start":{"line":32,"column":19},"end":{"line":39,"column":null}},"6":{"start":{"line":33,"column":4},"end":{"line":33,"column":null}},"7":{"start":{"line":34,"column":19},"end":{"line":34,"column":null}},"8":{"start":{"line":35,"column":4},"end":{"line":35,"column":null}},"9":{"start":{"line":36,"column":4},"end":{"line":38,"column":null}},"10":{"start":{"line":37,"column":6},"end":{"line":37,"column":null}},"11":{"start":{"line":40,"column":32},"end":{"line":40,"column":null}},"12":{"start":{"line":42,"column":2},"end":{"line":46,"column":null}},"13":{"start":{"line":43,"column":4},"end":{"line":45,"column":null}},"14":{"start":{"line":44,"column":6},"end":{"line":44,"column":null}},"15":{"start":{"line":48,"column":2},"end":{"line":151,"column":null}},"16":{"start":{"line":88,"column":34},"end":{"line":88,"column":null}},"17":{"start":{"line":153,"column":2},"end":{"line":30,"column":26}},"18":{"start":{"line":21,"column":10},"end":{"line":30,"column":26}},"19":{"start":{"line":30,"column":13},"end":{"line":21,"column":10}},"20":{"start":{"line":155,"column":20},"end":{"line":155,"column":null}}},"fnMap":{"0":{"name":"(anonymous_1)","decl":{"start":{"line":21,"column":13},"end":{"line":21,"column":14}},"loc":{"start":{"line":21,"column":43},"end":{"line":153,"column":2}}},"1":{"name":"(anonymous_2)","decl":{"start":{"line":32,"column":19},"end":{"line":32,"column":20}},"loc":{"start":{"line":32,"column":41},"end":{"line":39,"column":null}}},"2":{"name":"(anonymous_3)","decl":{"start":{"line":36,"column":15},"end":{"line":36,"column":21}},"loc":{"start":{"line":36,"column":21},"end":{"line":38,"column":7}}},"3":{"name":"(anonymous_4)","decl":{"start":{"line":42,"column":12},"end":{"line":42,"column":18}},"loc":{"start":{"line":42,"column":18},"end":{"line":46,"column":5}}},"4":{"name":"(anonymous_5)","decl":{"start":{"line":88,"column":25},"end":{"line":88,"column":34}},"loc":{"start":{"line":88,"column":34},"end":{"line":88,"column":null}}},"5":{"name":"(anonymous_6)","decl":{"start":{"line":21,"column":10},"end":{"line":21,"column":13}},"loc":{"start":{"line":21,"column":10},"end":{"line":30,"column":26}}}},"branchMap":{"0":{"loc":{"start":{"line":43,"column":4},"end":{"line":45,"column":null}},"type":"if","locations":[{"start":{"line":43,"column":4},"end":{"line":45,"column":null}}]},"1":{"loc":{"start":{"line":50,"column":7},"end":{"line":55,"column":null}},"type":"cond-expr","locations":[{"start":{"line":51,"column":8},"end":{"line":53,"column":null}},{"start":{"line":55,"column":8},"end":{"line":55,"column":null}}]},"2":{"loc":{"start":{"line":88,"column":34},"end":{"line":88,"column":null}},"type":"binary-expr","locations":[{"start":{"line":88,"column":34},"end":{"line":88,"column":69}},{"start":{"line":88,"column":69},"end":{"line":88,"column":null}}]},"3":{"loc":{"start":{"line":125,"column":11},"end":{"line":128,"column":null}},"type":"binary-expr","locations":[{"start":{"line":125,"column":11},"end":{"line":125,"column":null}},{"start":{"line":126,"column":12},"end":{"line":128,"column":null}}]}},"s":{"0":4,"1":14,"2":14,"3":14,"4":14,"5":14,"6":1,"7":1,"8":1,"9":1,"10":0,"11":14,"12":14,"13":8,"14":1,"15":14,"16":1,"17":4,"18":3,"19":4,"20":4},"f":{"0":14,"1":1,"2":0,"3":8,"4":1,"5":3},"b":{"0":[1],"1":[4,10],"2":[1,0],"3":[14,2]}}
,"C:/Users/Rifat/Desktop/Study/react-cource/src/components/form/interface.ts": {"path":"C:/Users/Rifat/Desktop/Study/react-cource/src/components/form/interface.ts","statementMap":{},"fnMap":{},"branchMap":{},"s":{},"f":{},"b":{}}
,"C:/Users/Rifat/Desktop/Study/react-cource/src/components/header/index.tsx": {"path":"C:/Users/Rifat/Desktop/Study/react-cource/src/components/header/index.tsx","statementMap":{"0":{"start":{"line":4,"column":15},"end":{"line":32,"column":2}},"1":{"start":{"line":4,"column":21},"end":{"line":4,"column":null}},"2":{"start":{"line":5,"column":20},"end":{"line":6,"column":null}},"3":{"start":{"line":6,"column":4},"end":{"line":6,"column":null}},"4":{"start":{"line":8,"column":19},"end":{"line":8,"column":null}},"5":{"start":{"line":10,"column":2},"end":{"line":30,"column":null}},"6":{"start":{"line":32,"column":2},"end":{"line":8,"column":null}},"7":{"start":{"line":4,"column":12},"end":{"line":8,"column":null}},"8":{"start":{"line":8,"column":30},"end":{"line":4,"column":12}},"9":{"start":{"line":34,"column":22},"end":{"line":34,"column":null}}},"fnMap":{"0":{"name":"(anonymous_1)","decl":{"start":{"line":4,"column":15},"end":{"line":4,"column":21}},"loc":{"start":{"line":4,"column":21},"end":{"line":32,"column":2}}},"1":{"name":"(anonymous_2)","decl":{"start":{"line":5,"column":20},"end":{"line":5,"column":21}},"loc":{"start":{"line":6,"column":4},"end":{"line":6,"column":null}}},"2":{"name":"(anonymous_3)","decl":{"start":{"line":4,"column":12},"end":{"line":4,"column":15}},"loc":{"start":{"line":4,"column":12},"end":{"line":8,"column":null}}}},"branchMap":{"0":{"loc":{"start":{"line":6,"column":4},"end":{"line":6,"column":null}},"type":"cond-expr","locations":[{"start":{"line":6,"column":16},"end":{"line":6,"column":54}},{"start":{"line":6,"column":54},"end":{"line":6,"column":null}}]},"1":{"loc":{"start":{"line":16,"column":15},"end":{"line":16,"column":null}},"type":"binary-expr","locations":[{"start":{"line":16,"column":15},"end":{"line":16,"column":63}},{"start":{"line":16,"column":63},"end":{"line":16,"column":null}}]}},"s":{"0":4,"1":12,"2":12,"3":36,"4":12,"5":12,"6":4,"7":4,"8":4,"9":4},"f":{"0":12,"1":36,"2":4},"b":{"0":[12,24],"1":[12,6]}}
,"C:/Users/Rifat/Desktop/Study/react-cource/src/components/layout/index.tsx": {"path":"C:/Users/Rifat/Desktop/Study/react-cource/src/components/layout/index.tsx","statementMap":{"0":{"start":{"line":1,"column":41},"end":{"line":1,"column":null}},"1":{"start":{"line":5,"column":15},"end":{"line":16,"column":2}},"2":{"start":{"line":6,"column":2},"end":{"line":14,"column":null}},"3":{"start":{"line":16,"column":2},"end":{"line":5,"column":15}},"4":{"start":{"line":18,"column":22},"end":{"line":18,"column":null}}},"fnMap":{"0":{"name":"(anonymous_0)","decl":{"start":{"line":1,"column":41},"end":{"line":1,"column":null}},"loc":{"start":{"line":1,"column":41},"end":{"line":1,"column":null}}},"1":{"name":"(anonymous_1)","decl":{"start":{"line":5,"column":15},"end":{"line":5,"column":21}},"loc":{"start":{"line":5,"column":21},"end":{"line":16,"column":2}}}},"branchMap":{"0":{"loc":{"start":{"line":1,"column":41},"end":{"line":1,"column":null}},"type":"if","locations":[{"start":{"line":1,"column":41},"end":{"line":1,"column":null}}]}},"s":{"0":28,"1":4,"2":8,"3":4,"4":4},"f":{"0":4,"1":8},"b":{"0":[4]}}
,"C:/Users/Rifat/Desktop/Study/react-cource/src/components/modal/index.tsx": {"path":"C:/Users/Rifat/Desktop/Study/react-cource/src/components/modal/index.tsx","statementMap":{"0":{"start":{"line":1,"column":33},"end":{"line":1,"column":null}},"1":{"start":{"line":10,"column":14},"end":{"line":33,"column":2}},"2":{"start":{"line":11,"column":2},"end":{"line":31,"column":null}},"3":{"start":{"line":15,"column":8},"end":{"line":15,"column":null}},"4":{"start":{"line":16,"column":8},"end":{"line":16,"column":null}},"5":{"start":{"line":20,"column":55},"end":{"line":20,"column":null}},"6":{"start":{"line":24,"column":12},"end":{"line":24,"column":null}},"7":{"start":{"line":25,"column":12},"end":{"line":25,"column":null}},"8":{"start":{"line":33,"column":2},"end":{"line":10,"column":14}},"9":{"start":{"line":35,"column":21},"end":{"line":35,"column":null}}},"fnMap":{"0":{"name":"(anonymous_0)","decl":{"start":{"line":1,"column":33},"end":{"line":1,"column":null}},"loc":{"start":{"line":1,"column":33},"end":{"line":1,"column":null}}},"1":{"name":"(anonymous_1)","decl":{"start":{"line":10,"column":14},"end":{"line":10,"column":15}},"loc":{"start":{"line":10,"column":65},"end":{"line":33,"column":2}}},"2":{"name":"(anonymous_2)","decl":{"start":{"line":14,"column":16},"end":{"line":14,"column":22}},"loc":{"start":{"line":14,"column":22},"end":{"line":17,"column":null}}},"3":{"name":"(anonymous_3)","decl":{"start":{"line":20,"column":49},"end":{"line":20,"column":55}},"loc":{"start":{"line":20,"column":55},"end":{"line":20,"column":null}}},"4":{"name":"(anonymous_4)","decl":{"start":{"line":23,"column":20},"end":{"line":23,"column":26}},"loc":{"start":{"line":23,"column":26},"end":{"line":26,"column":null}}}},"branchMap":{"0":{"loc":{"start":{"line":1,"column":33},"end":{"line":1,"column":null}},"type":"if","locations":[{"start":{"line":1,"column":33},"end":{"line":1,"column":null}}]},"1":{"loc":{"start":{"line":13,"column":37},"end":{"line":13,"column":null}},"type":"binary-expr","locations":[{"start":{"line":13,"column":37},"end":{"line":13,"column":48}},{"start":{"line":13,"column":48},"end":{"line":13,"column":null}}]}},"s":{"0":28,"1":4,"2":24,"3":0,"4":0,"5":0,"6":1,"7":1,"8":4,"9":4},"f":{"0":4,"1":24,"2":0,"3":0,"4":1},"b":{"0":[4],"1":[24,2]}}
,"C:/Users/Rifat/Desktop/Study/react-cource/src/components/modalCard/index.tsx": {"path":"C:/Users/Rifat/Desktop/Study/react-cource/src/components/modalCard/index.tsx","statementMap":{"0":{"start":{"line":1,"column":41},"end":{"line":1,"column":null}},"1":{"start":{"line":9,"column":18},"end":{"line":56,"column":2}},"2":{"start":{"line":10,"column":2},"end":{"line":54,"column":null}},"3":{"start":{"line":56,"column":2},"end":{"line":9,"column":18}},"4":{"start":{"line":58,"column":25},"end":{"line":58,"column":null}}},"fnMap":{"0":{"name":"(anonymous_0)","decl":{"start":{"line":1,"column":41},"end":{"line":1,"column":null}},"loc":{"start":{"line":1,"column":41},"end":{"line":1,"column":null}}},"1":{"name":"(anonymous_1)","decl":{"start":{"line":9,"column":18},"end":{"line":9,"column":19}},"loc":{"start":{"line":9,"column":48},"end":{"line":56,"column":2}}}},"branchMap":{"0":{"loc":{"start":{"line":1,"column":41},"end":{"line":1,"column":null}},"type":"if","locations":[{"start":{"line":1,"column":41},"end":{"line":1,"column":null}}]},"1":{"loc":{"start":{"line":14,"column":11},"end":{"line":21,"column":null}},"type":"cond-expr","locations":[{"start":{"line":15,"column":12},"end":{"line":18,"column":null}},{"start":{"line":21,"column":12},"end":{"line":21,"column":null}}]},"2":{"loc":{"start":{"line":27,"column":9},"end":{"line":30,"column":null}},"type":"binary-expr","locations":[{"start":{"line":27,"column":9},"end":{"line":27,"column":null}},{"start":{"line":28,"column":10},"end":{"line":30,"column":null}}]},"3":{"loc":{"start":{"line":32,"column":9},"end":{"line":35,"column":null}},"type":"binary-expr","locations":[{"start":{"line":32,"column":9},"end":{"line":32,"column":null}},{"start":{"line":33,"column":10},"end":{"line":35,"column":null}}]},"4":{"loc":{"start":{"line":37,"column":9},"end":{"line":40,"column":null}},"type":"binary-expr","locations":[{"start":{"line":37,"column":9},"end":{"line":37,"column":null}},{"start":{"line":38,"column":10},"end":{"line":40,"column":null}}]},"5":{"loc":{"start":{"line":42,"column":9},"end":{"line":45,"column":null}},"type":"binary-expr","locations":[{"start":{"line":42,"column":9},"end":{"line":42,"column":null}},{"start":{"line":43,"column":10},"end":{"line":45,"column":null}}]},"6":{"loc":{"start":{"line":48,"column":9},"end":{"line":51,"column":null}},"type":"binary-expr","locations":[{"start":{"line":48,"column":9},"end":{"line":48,"column":null}},{"start":{"line":49,"column":10},"end":{"line":51,"column":null}}]}},"s":{"0":28,"1":4,"2":24,"3":4,"4":4},"f":{"0":4,"1":24},"b":{"0":[4],"1":[4,20],"2":[24,4],"3":[24,4],"4":[24,4],"5":[24,4],"6":[24,4]}}
,"C:/Users/Rifat/Desktop/Study/react-cource/src/components/personCard/index.tsx": {"path":"C:/Users/Rifat/Desktop/Study/react-cource/src/components/personCard/index.tsx","statementMap":{"0":{"start":{"line":1,"column":46},"end":{"line":1,"column":null}},"1":{"start":{"line":4,"column":19},"end":{"line":33,"column":2}},"2":{"start":{"line":5,"column":2},"end":{"line":31,"column":null}},"3":{"start":{"line":33,"column":2},"end":{"line":4,"column":19}},"4":{"start":{"line":35,"column":26},"end":{"line":35,"column":null}}},"fnMap":{"0":{"name":"(anonymous_0)","decl":{"start":{"line":1,"column":46},"end":{"line":1,"column":null}},"loc":{"start":{"line":1,"column":46},"end":{"line":1,"column":null}}},"1":{"name":"(anonymous_1)","decl":{"start":{"line":4,"column":19},"end":{"line":4,"column":20}},"loc":{"start":{"line":4,"column":55},"end":{"line":33,"column":2}}}},"branchMap":{"0":{"loc":{"start":{"line":1,"column":46},"end":{"line":1,"column":null}},"type":"if","locations":[{"start":{"line":1,"column":46},"end":{"line":1,"column":null}}]},"1":{"loc":{"start":{"line":13,"column":11},"end":{"line":16,"column":null}},"type":"cond-expr","locations":[{"start":{"line":14,"column":12},"end":{"line":14,"column":null}},{"start":{"line":16,"column":12},"end":{"line":16,"column":null}}]}},"s":{"0":28,"1":4,"2":2,"3":4,"4":4},"f":{"0":4,"1":2},"b":{"0":[4],"1":[2,0]}}
,"C:/Users/Rifat/Desktop/Study/react-cource/src/components/personCardList/index.tsx": {"path":"C:/Users/Rifat/Desktop/Study/react-cource/src/components/personCardList/index.tsx","statementMap":{"0":{"start":{"line":1,"column":40},"end":{"line":1,"column":null}},"1":{"start":{"line":10,"column":24},"end":{"line":24,"column":2}},"2":{"start":{"line":11,"column":2},"end":{"line":22,"column":null}},"3":{"start":{"line":16,"column":12},"end":{"line":16,"column":null}},"4":{"start":{"line":24,"column":2},"end":{"line":10,"column":24}},"5":{"start":{"line":26,"column":31},"end":{"line":26,"column":null}}},"fnMap":{"0":{"name":"(anonymous_0)","decl":{"start":{"line":1,"column":40},"end":{"line":1,"column":null}},"loc":{"start":{"line":1,"column":40},"end":{"line":1,"column":null}}},"1":{"name":"(anonymous_1)","decl":{"start":{"line":10,"column":24},"end":{"line":10,"column":25}},"loc":{"start":{"line":10,"column":64},"end":{"line":24,"column":2}}},"2":{"name":"(anonymous_2)","decl":{"start":{"line":15,"column":21},"end":{"line":15,"column":22}},"loc":{"start":{"line":15,"column":38},"end":{"line":17,"column":11}}}},"branchMap":{"0":{"loc":{"start":{"line":1,"column":40},"end":{"line":1,"column":null}},"type":"if","locations":[{"start":{"line":1,"column":40},"end":{"line":1,"column":null}}]},"1":{"loc":{"start":{"line":13,"column":7},"end":{"line":20,"column":null}},"type":"cond-expr","locations":[{"start":{"line":14,"column":8},"end":{"line":18,"column":null}},{"start":{"line":20,"column":8},"end":{"line":20,"column":null}}]}},"s":{"0":28,"1":4,"2":10,"3":2,"4":4,"5":4},"f":{"0":4,"1":10,"2":2},"b":{"0":[4],"1":[2,8]}}
,"C:/Users/Rifat/Desktop/Study/react-cource/src/components/search/index.test.tsx": {"path":"C:/Users/Rifat/Desktop/Study/react-cource/src/components/search/index.test.tsx","statementMap":{},"fnMap":{},"branchMap":{},"s":{},"f":{},"b":{}}
,"C:/Users/Rifat/Desktop/Study/react-cource/src/components/search/index.tsx": {"path":"C:/Users/Rifat/Desktop/Study/react-cource/src/components/search/index.tsx","statementMap":{"0":{"start":{"line":11,"column":13},"end":{"line":11,"column":null}},"1":{"start":{"line":12,"column":15},"end":{"line":57,"column":2}},"2":{"start":{"line":12,"column":21},"end":{"line":12,"column":null}},"3":{"start":{"line":17,"column":6},"end":{"line":17,"column":null}},"4":{"start":{"line":19,"column":25},"end":{"line":19,"column":null}},"5":{"start":{"line":19,"column":51},"end":{"line":19,"column":70}},"6":{"start":{"line":20,"column":24},"end":{"line":20,"column":null}},"7":{"start":{"line":21,"column":19},"end":{"line":21,"column":null}},"8":{"start":{"line":23,"column":2},"end":{"line":23,"column":null}},"9":{"start":{"line":25,"column":68},"end":{"line":27,"column":null}},"10":{"start":{"line":26,"column":4},"end":{"line":26,"column":null}},"11":{"start":{"line":29,"column":2},"end":{"line":33,"column":null}},"12":{"start":{"line":30,"column":4},"end":{"line":32,"column":null}},"13":{"start":{"line":31,"column":6},"end":{"line":31,"column":null}},"14":{"start":{"line":35,"column":19},"end":{"line":37,"column":null}},"15":{"start":{"line":36,"column":4},"end":{"line":36,"column":null}},"16":{"start":{"line":39,"column":2},"end":{"line":55,"column":null}},"17":{"start":{"line":47,"column":27},"end":{"line":47,"column":null}},"18":{"start":{"line":57,"column":2},"end":{"line":21,"column":null}},"19":{"start":{"line":12,"column":12},"end":{"line":21,"column":null}},"20":{"start":{"line":21,"column":33},"end":{"line":12,"column":12}},"21":{"start":{"line":59,"column":22},"end":{"line":59,"column":null}}},"fnMap":{"0":{"name":"(anonymous_1)","decl":{"start":{"line":12,"column":15},"end":{"line":12,"column":21}},"loc":{"start":{"line":12,"column":21},"end":{"line":57,"column":2}}},"1":{"name":"(anonymous_2)","decl":{"start":{"line":19,"column":41},"end":{"line":19,"column":51}},"loc":{"start":{"line":19,"column":51},"end":{"line":19,"column":70}}},"2":{"name":"(anonymous_3)","decl":{"start":{"line":25,"column":68},"end":{"line":25,"column":74}},"loc":{"start":{"line":25,"column":74},"end":{"line":27,"column":null}}},"3":{"name":"(anonymous_4)","decl":{"start":{"line":29,"column":12},"end":{"line":29,"column":18}},"loc":{"start":{"line":29,"column":18},"end":{"line":33,"column":5}}},"4":{"name":"(anonymous_5)","decl":{"start":{"line":30,"column":11},"end":{"line":30,"column":17}},"loc":{"start":{"line":30,"column":17},"end":{"line":32,"column":null}}},"5":{"name":"(anonymous_6)","decl":{"start":{"line":35,"column":19},"end":{"line":35,"column":20}},"loc":{"start":{"line":35,"column":41},"end":{"line":37,"column":null}}},"6":{"name":"(anonymous_7)","decl":{"start":{"line":47,"column":21},"end":{"line":47,"column":27}},"loc":{"start":{"line":47,"column":27},"end":{"line":47,"column":null}}},"7":{"name":"(anonymous_8)","decl":{"start":{"line":12,"column":12},"end":{"line":12,"column":15}},"loc":{"start":{"line":12,"column":12},"end":{"line":21,"column":null}}}},"branchMap":{"0":{"loc":{"start":{"line":41,"column":7},"end":{"line":41,"column":null}},"type":"binary-expr","locations":[{"start":{"line":41,"column":7},"end":{"line":41,"column":28}},{"start":{"line":41,"column":28},"end":{"line":41,"column":null}}]}},"s":{"0":4,"1":4,"2":26,"3":26,"4":26,"5":41,"6":26,"7":26,"8":26,"9":26,"10":4,"11":26,"12":6,"13":4,"14":26,"15":1,"16":26,"17":4,"18":4,"19":2,"20":4,"21":4},"f":{"0":26,"1":41,"2":4,"3":6,"4":4,"5":1,"6":4,"7":2},"b":{"0":[26,0]}}
,"C:/Users/Rifat/Desktop/Study/react-cource/src/constant/card.ts": {"path":"C:/Users/Rifat/Desktop/Study/react-cource/src/constant/card.ts","statementMap":{},"fnMap":{},"branchMap":{},"s":{},"f":{},"b":{}}
,"C:/Users/Rifat/Desktop/Study/react-cource/src/constant/cardsArray.ts": {"path":"C:/Users/Rifat/Desktop/Study/react-cource/src/constant/cardsArray.ts","statementMap":{},"fnMap":{},"branchMap":{},"s":{},"f":{},"b":{}}
,"C:/Users/Rifat/Desktop/Study/react-cource/src/constant/countries.ts": {"path":"C:/Users/Rifat/Desktop/Study/react-cource/src/constant/countries.ts","statementMap":{"0":{"start":{"line":1,"column":25},"end":{"line":195,"column":null}}},"fnMap":{},"branchMap":{},"s":{"0":4},"f":{},"b":{}}
,"C:/Users/Rifat/Desktop/Study/react-cource/src/hooks/redux.ts": {"path":"C:/Users/Rifat/Desktop/Study/react-cource/src/hooks/redux.ts","statementMap":{"0":{"start":{"line":5,"column":30},"end":{"line":5,"column":null}},"1":{"start":{"line":5,"column":36},"end":{"line":5,"column":null}},"2":{"start":{"line":6,"column":63},"end":{"line":6,"column":null}}},"fnMap":{"0":{"name":"(anonymous_0)","decl":{"start":{"line":5,"column":30},"end":{"line":5,"column":36}},"loc":{"start":{"line":5,"column":36},"end":{"line":5,"column":null}}}},"branchMap":{},"s":{"0":4,"1":40,"2":4},"f":{"0":40},"b":{}}
,"C:/Users/Rifat/Desktop/Study/react-cource/src/pages/AboutPage/index.tsx": {"path":"C:/Users/Rifat/Desktop/Study/react-cource/src/pages/AboutPage/index.tsx","statementMap":{"0":{"start":{"line":1,"column":20},"end":{"line":1,"column":null}},"1":{"start":{"line":1,"column":20},"end":{"line":7,"column":2}},"2":{"start":{"line":2,"column":2},"end":{"line":5,"column":null}},"3":{"start":{"line":7,"column":2},"end":{"line":1,"column":20}},"4":{"start":{"line":9,"column":21},"end":{"line":9,"column":null}}},"fnMap":{"0":{"name":"(anonymous_0)","decl":{"start":{"line":1,"column":20},"end":{"line":1,"column":null}},"loc":{"start":{"line":1,"column":20},"end":{"line":1,"column":null}}}},"branchMap":{"0":{"loc":{"start":{"line":1,"column":20},"end":{"line":1,"column":null}},"type":"if","locations":[{"start":{"line":1,"column":20},"end":{"line":1,"column":null}}]}},"s":{"0":28,"1":4,"2":0,"3":4,"4":4},"f":{"0":4},"b":{"0":[4]}}
,"C:/Users/Rifat/Desktop/Study/react-cource/src/pages/FormPage/index.test.tsx": {"path":"C:/Users/Rifat/Desktop/Study/react-cource/src/pages/FormPage/index.test.tsx","statementMap":{},"fnMap":{},"branchMap":{},"s":{},"f":{},"b":{}}
,"C:/Users/Rifat/Desktop/Study/react-cource/src/pages/FormPage/index.tsx": {"path":"C:/Users/Rifat/Desktop/Study/react-cource/src/pages/FormPage/index.tsx","statementMap":{"0":{"start":{"line":8,"column":17},"end":{"line":27,"column":2}},"1":{"start":{"line":8,"column":23},"end":{"line":8,"column":null}},"2":{"start":{"line":9,"column":23},"end":{"line":9,"column":null}},"3":{"start":{"line":9,"column":49},"end":{"line":9,"column":66}},"4":{"start":{"line":10,"column":36},"end":{"line":10,"column":null}},"5":{"start":{"line":12,"column":2},"end":{"line":14,"column":null}},"6":{"start":{"line":13,"column":4},"end":{"line":13,"column":null}},"7":{"start":{"line":16,"column":2},"end":{"line":25,"column":null}},"8":{"start":{"line":27,"column":2},"end":{"line":9,"column":39}},"9":{"start":{"line":8,"column":14},"end":{"line":9,"column":39}},"10":{"start":{"line":9,"column":37},"end":{"line":8,"column":14}},"11":{"start":{"line":29,"column":24},"end":{"line":29,"column":null}}},"fnMap":{"0":{"name":"(anonymous_1)","decl":{"start":{"line":8,"column":17},"end":{"line":8,"column":23}},"loc":{"start":{"line":8,"column":23},"end":{"line":27,"column":2}}},"1":{"name":"(anonymous_2)","decl":{"start":{"line":9,"column":39},"end":{"line":9,"column":49}},"loc":{"start":{"line":9,"column":49},"end":{"line":9,"column":66}}},"2":{"name":"(anonymous_3)","decl":{"start":{"line":12,"column":12},"end":{"line":12,"column":18}},"loc":{"start":{"line":12,"column":18},"end":{"line":14,"column":5}}},"3":{"name":"(anonymous_4)","decl":{"start":{"line":8,"column":14},"end":{"line":8,"column":17}},"loc":{"start":{"line":8,"column":14},"end":{"line":9,"column":39}}}},"branchMap":{"0":{"loc":{"start":{"line":10,"column":45},"end":{"line":10,"column":77}},"type":"binary-expr","locations":[{"start":{"line":10,"column":45},"end":{"line":10,"column":58}},{"start":{"line":10,"column":58},"end":{"line":10,"column":77}}]}},"s":{"0":4,"1":10,"2":10,"3":13,"4":10,"5":10,"6":7,"7":10,"8":4,"9":3,"10":4,"11":4},"f":{"0":10,"1":13,"2":7,"3":3},"b":{"0":[10,0]}}
,"C:/Users/Rifat/Desktop/Study/react-cource/src/pages/HomePage/constant.ts": {"path":"C:/Users/Rifat/Desktop/Study/react-cource/src/pages/HomePage/constant.ts","statementMap":{},"fnMap":{},"branchMap":{},"s":{},"f":{},"b":{}}
,"C:/Users/Rifat/Desktop/Study/react-cource/src/pages/HomePage/index.test.tsx": {"path":"C:/Users/Rifat/Desktop/Study/react-cource/src/pages/HomePage/index.test.tsx","statementMap":{},"fnMap":{},"branchMap":{},"s":{},"f":{},"b":{}}
,"C:/Users/Rifat/Desktop/Study/react-cource/src/pages/HomePage/index.tsx": {"path":"C:/Users/Rifat/Desktop/Study/react-cource/src/pages/HomePage/index.tsx","statementMap":{"0":{"start":{"line":13,"column":13},"end":{"line":42,"column":2}},"1":{"start":{"line":13,"column":19},"end":{"line":13,"column":null}},"2":{"start":{"line":14,"column":42},"end":{"line":14,"column":null}},"3":{"start":{"line":15,"column":26},"end":{"line":15,"column":null}},"4":{"start":{"line":16,"column":25},"end":{"line":16,"column":null}},"5":{"start":{"line":16,"column":51},"end":{"line":16,"column":70}},"6":{"start":{"line":17,"column":56},"end":{"line":17,"column":null}},"7":{"start":{"line":19,"column":2},"end":{"line":40,"column":null}},"8":{"start":{"line":42,"column":2},"end":{"line":17,"column":70}},"9":{"start":{"line":13,"column":10},"end":{"line":17,"column":70}},"10":{"start":{"line":17,"column":69},"end":{"line":13,"column":10}},"11":{"start":{"line":44,"column":20},"end":{"line":44,"column":null}}},"fnMap":{"0":{"name":"(anonymous_1)","decl":{"start":{"line":13,"column":13},"end":{"line":13,"column":19}},"loc":{"start":{"line":13,"column":19},"end":{"line":42,"column":2}}},"1":{"name":"(anonymous_2)","decl":{"start":{"line":16,"column":41},"end":{"line":16,"column":51}},"loc":{"start":{"line":16,"column":51},"end":{"line":16,"column":70}}},"2":{"name":"(anonymous_3)","decl":{"start":{"line":13,"column":10},"end":{"line":13,"column":13}},"loc":{"start":{"line":13,"column":10},"end":{"line":17,"column":70}}}},"branchMap":{"0":{"loc":{"start":{"line":30,"column":7},"end":{"line":37,"column":null}},"type":"cond-expr","locations":[{"start":{"line":31,"column":8},"end":{"line":31,"column":null}},{"start":{"line":32,"column":10},"end":{"line":37,"column":null}}]},"1":{"loc":{"start":{"line":30,"column":7},"end":{"line":30,"column":null}},"type":"binary-expr","locations":[{"start":{"line":30,"column":7},"end":{"line":30,"column":20}},{"start":{"line":30,"column":20},"end":{"line":30,"column":null}}]},"2":{"loc":{"start":{"line":32,"column":10},"end":{"line":37,"column":null}},"type":"cond-expr","locations":[{"start":{"line":33,"column":8},"end":{"line":33,"column":null}},{"start":{"line":35,"column":8},"end":{"line":37,"column":null}}]},"3":{"loc":{"start":{"line":35,"column":8},"end":{"line":37,"column":null}},"type":"binary-expr","locations":[{"start":{"line":35,"column":8},"end":{"line":35,"column":null}},{"start":{"line":36,"column":8},"end":{"line":36,"column":null}},{"start":{"line":37,"column":10},"end":{"line":37,"column":null}}]}},"s":{"0":4,"1":24,"2":24,"3":24,"4":24,"5":39,"6":24,"7":24,"8":4,"9":2,"10":4,"11":4},"f":{"0":24,"1":39,"2":2},"b":{"0":[14,10],"1":[24,14],"2":[0,10],"3":[10,10,10]}}
,"C:/Users/Rifat/Desktop/Study/react-cource/src/pages/NotFoundPage/index.tsx": {"path":"C:/Users/Rifat/Desktop/Study/react-cource/src/pages/NotFoundPage/index.tsx","statementMap":{"0":{"start":{"line":1,"column":23},"end":{"line":1,"column":null}},"1":{"start":{"line":1,"column":23},"end":{"line":8,"column":2}},"2":{"start":{"line":2,"column":2},"end":{"line":6,"column":null}},"3":{"start":{"line":8,"column":2},"end":{"line":1,"column":23}},"4":{"start":{"line":10,"column":24},"end":{"line":10,"column":null}}},"fnMap":{"0":{"name":"(anonymous_0)","decl":{"start":{"line":1,"column":23},"end":{"line":1,"column":null}},"loc":{"start":{"line":1,"column":23},"end":{"line":1,"column":null}}}},"branchMap":{"0":{"loc":{"start":{"line":1,"column":23},"end":{"line":1,"column":null}},"type":"if","locations":[{"start":{"line":1,"column":23},"end":{"line":1,"column":null}}]}},"s":{"0":28,"1":4,"2":0,"3":4,"4":4},"f":{"0":4},"b":{"0":[4]}}
,"C:/Users/Rifat/Desktop/Study/react-cource/src/store/interface.ts": {"path":"C:/Users/Rifat/Desktop/Study/react-cource/src/store/interface.ts","statementMap":{},"fnMap":{},"branchMap":{},"s":{},"f":{},"b":{}}
,"C:/Users/Rifat/Desktop/Study/react-cource/src/store/store.ts": {"path":"C:/Users/Rifat/Desktop/Study/react-cource/src/store/store.ts","statementMap":{"0":{"start":{"line":6,"column":20},"end":{"line":10,"column":null}},"1":{"start":{"line":12,"column":26},"end":{"line":17,"column":null}},"2":{"start":{"line":13,"column":2},"end":{"line":16,"column":null}},"3":{"start":{"line":15,"column":42},"end":{"line":15,"column":null}}},"fnMap":{"0":{"name":"(anonymous_0)","decl":{"start":{"line":12,"column":26},"end":{"line":12,"column":32}},"loc":{"start":{"line":12,"column":32},"end":{"line":17,"column":null}}},"1":{"name":"(anonymous_1)","decl":{"start":{"line":15,"column":16},"end":{"line":15,"column":17}},"loc":{"start":{"line":15,"column":42},"end":{"line":15,"column":null}}}},"branchMap":{},"s":{"0":4,"1":4,"2":4,"3":4},"f":{"0":4,"1":4},"b":{}}
,"C:/Users/Rifat/Desktop/Study/react-cource/src/store/reducers/ItemService.ts": {"path":"C:/Users/Rifat/Desktop/Study/react-cource/src/store/reducers/ItemService.ts","statementMap":{"0":{"start":{"line":5,"column":23},"end":{"line":22,"column":null}},"1":{"start":{"line":8,"column":25},"end":{"line":21,"column":null}},"2":{"start":{"line":10,"column":31},"end":{"line":10,"column":null}},"3":{"start":{"line":12,"column":8},"end":{"line":19,"column":null}},"4":{"start":{"line":14,"column":29},"end":{"line":14,"column":null}},"5":{"start":{"line":15,"column":25},"end":{"line":15,"column":null}},"6":{"start":{"line":16,"column":27},"end":{"line":16,"column":null}},"7":{"start":{"line":17,"column":12},"end":{"line":17,"column":null}}},"fnMap":{"0":{"name":"(anonymous_0)","decl":{"start":{"line":8,"column":13},"end":{"line":8,"column":14}},"loc":{"start":{"line":8,"column":25},"end":{"line":21,"column":null}}},"1":{"name":"(anonymous_1)","decl":{"start":{"line":10,"column":13},"end":{"line":10,"column":14}},"loc":{"start":{"line":10,"column":31},"end":{"line":10,"column":null}}},"2":{"name":"(anonymous_2)","decl":{"start":{"line":11,"column":25},"end":{"line":11,"column":32}},"loc":{"start":{"line":12,"column":8},"end":{"line":19,"column":null}}},"3":{"name":"(anonymous_3)","decl":{"start":{"line":13,"column":28},"end":{"line":13,"column":35}},"loc":{"start":{"line":13,"column":63},"end":{"line":18,"column":11}}}},"branchMap":{"0":{"loc":{"start":{"line":10,"column":14},"end":{"line":10,"column":31}},"type":"default-arg","locations":[{"start":{"line":10,"column":23},"end":{"line":10,"column":31}}]}},"s":{"0":4,"1":4,"2":3,"3":3,"4":30,"5":30,"6":30,"7":30},"f":{"0":4,"1":3,"2":3,"3":30},"b":{"0":[0]}}
,"C:/Users/Rifat/Desktop/Study/react-cource/src/store/reducers/formSlice.ts": {"path":"C:/Users/Rifat/Desktop/Study/react-cource/src/store/reducers/formSlice.ts","statementMap":{"0":{"start":{"line":8,"column":32},"end":{"line":10,"column":null}},"1":{"start":{"line":12,"column":25},"end":{"line":20,"column":null}},"2":{"start":{"line":17,"column":6},"end":{"line":17,"column":null}}},"fnMap":{"0":{"name":"(anonymous_0)","decl":{"start":{"line":16,"column":4},"end":{"line":16,"column":12}},"loc":{"start":{"line":16,"column":54},"end":{"line":18,"column":null}}}},"branchMap":{},"s":{"0":4,"1":4,"2":1},"f":{"0":1},"b":{}}
,"C:/Users/Rifat/Desktop/Study/react-cource/src/store/reducers/searchSlice.ts": {"path":"C:/Users/Rifat/Desktop/Study/react-cource/src/store/reducers/searchSlice.ts","statementMap":{"0":{"start":{"line":7,"column":34},"end":{"line":9,"column":null}},"1":{"start":{"line":11,"column":27},"end":{"line":19,"column":null}},"2":{"start":{"line":16,"column":6},"end":{"line":16,"column":null}}},"fnMap":{"0":{"name":"(anonymous_0)","decl":{"start":{"line":15,"column":4},"end":{"line":15,"column":14}},"loc":{"start":{"line":15,"column":52},"end":{"line":17,"column":null}}}},"branchMap":{},"s":{"0":4,"1":4,"2":5},"f":{"0":5},"b":{}}
,"C:/Users/Rifat/Desktop/Study/react-cource/src/utils/getError.ts": {"path":"C:/Users/Rifat/Desktop/Study/react-cource/src/utils/getError.ts","statementMap":{"0":{"start":{"line":6,"column":24},"end":{"line":19,"column":null}},"1":{"start":{"line":7,"column":2},"end":{"line":14,"column":null}},"2":{"start":{"line":8,"column":4},"end":{"line":13,"column":null}},"3":{"start":{"line":9,"column":21},"end":{"line":9,"column":null}},"4":{"start":{"line":10,"column":6},"end":{"line":10,"column":null}},"5":{"start":{"line":12,"column":6},"end":{"line":12,"column":null}},"6":{"start":{"line":15,"column":2},"end":{"line":17,"column":null}},"7":{"start":{"line":16,"column":4},"end":{"line":16,"column":null}},"8":{"start":{"line":18,"column":2},"end":{"line":18,"column":null}}},"fnMap":{"0":{"name":"(anonymous_0)","decl":{"start":{"line":6,"column":24},"end":{"line":6,"column":25}},"loc":{"start":{"line":6,"column":59},"end":{"line":19,"column":null}}}},"branchMap":{"0":{"loc":{"start":{"line":7,"column":2},"end":{"line":14,"column":null}},"type":"if","locations":[{"start":{"line":7,"column":2},"end":{"line":14,"column":null}}]},"1":{"loc":{"start":{"line":8,"column":4},"end":{"line":13,"column":null}},"type":"if","locations":[{"start":{"line":8,"column":4},"end":{"line":13,"column":null}},{"start":{"line":11,"column":11},"end":{"line":13,"column":null}}]},"2":{"loc":{"start":{"line":9,"column":21},"end":{"line":9,"column":null}},"type":"cond-expr","locations":[{"start":{"line":9,"column":40},"end":{"line":9,"column":54}},{"start":{"line":9,"column":54},"end":{"line":9,"column":null}}]},"3":{"loc":{"start":{"line":15,"column":2},"end":{"line":17,"column":null}},"type":"if","locations":[{"start":{"line":15,"column":2},"end":{"line":17,"column":null}}]}},"s":{"0":4,"1":10,"2":0,"3":0,"4":0,"5":0,"6":10,"7":0,"8":10},"f":{"0":10},"b":{"0":[0],"1":[0,0],"2":[0,0],"3":[0]}}
,"C:/Users/Rifat/Desktop/Study/react-cource/src/utils/useFetchItems.ts": {"path":"C:/Users/Rifat/Desktop/Study/react-cource/src/utils/useFetchItems.ts","statementMap":{"0":{"start":{"line":3,"column":29},"end":{"line":6,"column":null}},"1":{"start":{"line":4,"column":56},"end":{"line":4,"column":null}},"2":{"start":{"line":5,"column":2},"end":{"line":5,"column":null}}},"fnMap":{"0":{"name":"(anonymous_0)","decl":{"start":{"line":3,"column":29},"end":{"line":3,"column":30}},"loc":{"start":{"line":3,"column":49},"end":{"line":6,"column":null}}}},"branchMap":{},"s":{"0":4,"1":24,"2":24},"f":{"0":24},"b":{}}
}
