TN:
SF:src\App.test.tsx
FNF:0
FNH:0
LF:0
LH:0
BRF:0
BRH:0
end_of_record
TN:
SF:src\App.tsx
FN:1,(anonymous_0)
FN:9,App
FNF:2
FNH:2
FNDA:5,(anonymous_0)
FNDA:10,App
DA:1,35
DA:10,10
DA:23,5
DA:25,5
LF:4
LH:4
BRDA:1,0,0,5
BRF:1
BRH:1
end_of_record
TN:
SF:src\entry-client.tsx
FNF:0
FNH:0
DA:9,5
DA:11,5
LF:2
LH:2
BRF:0
BRH:0
end_of_record
TN:
SF:src\entry-server.tsx
FNF:0
FNH:0
LF:0
LH:0
BRF:0
BRH:0
end_of_record
TN:
SF:src\components\UI\button\index.tsx
FN:1,(anonymous_0)
FN:9,(anonymous_1)
FNF:2
FNH:2
FNDA:5,(anonymous_0)
FNDA:24,(anonymous_1)
DA:1,35
DA:9,5
DA:10,24
DA:18,5
DA:20,5
LF:5
LH:5
BRDA:1,0,0,5
BRDA:9,1,0,0
BRF:2
BRH:1
end_of_record
TN:
SF:src\components\UI\checkbox\index.tsx
FN:1,(anonymous_0)
FN:11,(anonymous_1)
FNF:2
FNH:2
FNDA:5,(anonymous_0)
FNDA:24,(anonymous_1)
DA:1,35
DA:11,5
DA:12,24
DA:23,5
DA:25,5
LF:5
LH:5
BRDA:1,0,0,5
BRDA:16,1,0,24
BRDA:16,1,1,4
BRF:3
BRH:3
end_of_record
TN:
SF:src\components\UI\date\index.tsx
FN:1,(anonymous_0)
FN:11,(anonymous_1)
FNF:2
FNH:2
FNDA:5,(anonymous_0)
FNDA:24,(anonymous_1)
DA:1,35
DA:11,5
DA:12,24
DA:23,5
DA:25,5
LF:5
LH:5
BRDA:1,0,0,5
BRDA:16,1,0,24
BRDA:16,1,1,4
BRF:3
BRH:3
end_of_record
TN:
SF:src\components\UI\file\index.tsx
FN:1,(anonymous_0)
FN:11,(anonymous_1)
FNF:2
FNH:2
FNDA:5,(anonymous_0)
FNDA:24,(anonymous_1)
DA:1,35
DA:11,5
DA:12,24
DA:25,5
DA:27,5
LF:5
LH:5
BRDA:1,0,0,5
BRDA:18,1,0,24
BRDA:18,1,1,4
BRF:3
BRH:3
end_of_record
TN:
SF:src\components\UI\inputText\index.test.tsx
FNF:0
FNH:0
LF:0
LH:0
BRF:0
BRH:0
end_of_record
TN:
SF:src\components\UI\inputText\index.tsx
FN:1,(anonymous_0)
FN:11,(anonymous_1)
FNF:2
FNH:2
FNDA:5,(anonymous_0)
FNDA:48,(anonymous_1)
DA:1,35
DA:11,5
DA:12,48
DA:23,5
DA:25,5
LF:5
LH:5
BRDA:1,0,0,5
BRDA:16,1,0,48
BRDA:16,1,1,8
BRF:3
BRH:3
end_of_record
TN:
SF:src\components\UI\loader\index.tsx
FN:1,(anonymous_0)
FN:3,(anonymous_1)
FNF:2
FNH:2
FNDA:5,(anonymous_0)
FNDA:4,(anonymous_1)
DA:1,35
DA:3,5
DA:4,4
DA:22,5
DA:24,5
LF:5
LH:5
BRDA:1,0,0,5
BRF:1
BRH:1
end_of_record
TN:
SF:src\components\UI\radio\index.tsx
FN:1,(anonymous_0)
FN:11,(anonymous_1)
FNF:2
FNH:2
FNDA:5,(anonymous_0)
FNDA:48,(anonymous_1)
DA:1,35
DA:11,5
DA:12,48
DA:24,5
DA:26,5
LF:5
LH:5
BRDA:1,0,0,5
BRF:1
BRH:1
end_of_record
TN:
SF:src\components\UI\select\index.tsx
FN:1,(anonymous_0)
FN:12,(anonymous_1)
FN:17,(anonymous_2)
FNF:3
FNH:3
FNDA:5,(anonymous_0)
FNDA:24,(anonymous_1)
FNDA:4632,(anonymous_2)
DA:1,35
DA:12,5
DA:13,24
DA:18,4632
DA:32,5
DA:34,5
LF:6
LH:6
BRDA:1,0,0,5
BRDA:25,1,0,24
BRDA:25,1,1,4
BRF:3
BRH:3
end_of_record
TN:
SF:src\components\card\index.test.tsx
FNF:0
FNH:0
LF:0
LH:0
BRF:0
BRH:0
end_of_record
TN:
SF:src\components\card\index.tsx
FN:1,(anonymous_0)
FN:11,(anonymous_1)
FN:15,(anonymous_2)
FNF:3
FNH:1
FNDA:5,(anonymous_0)
FNDA:0,(anonymous_1)
FNDA:0,(anonymous_2)
DA:1,35
DA:11,5
DA:12,0
DA:16,0
DA:17,0
DA:37,5
DA:39,5
LF:7
LH:4
BRDA:1,0,0,5
BRDA:22,1,0,0
BRDA:22,1,1,0
BRF:3
BRH:1
end_of_record
TN:
SF:src\components\card\interface.ts
FNF:0
FNH:0
LF:0
LH:0
BRF:0
BRH:0
end_of_record
TN:
SF:src\components\cardsList\index.test.tsx
FNF:0
FNH:0
LF:0
LH:0
BRF:0
BRH:0
end_of_record
TN:
SF:src\components\cardsList\index.tsx
FN:1,(anonymous_0)
FN:11,(anonymous_1)
FN:15,(anonymous_2)
FNF:3
FNH:1
FNDA:5,(anonymous_0)
FNDA:0,(anonymous_1)
FNDA:0,(anonymous_2)
DA:1,35
DA:11,5
DA:12,0
DA:16,0
DA:21,5
DA:23,5
LF:6
LH:4
BRDA:1,0,0,5
BRF:1
BRH:1
end_of_record
TN:
SF:src\components\form\constant.ts
FNF:0
FNH:0
DA:1,5
DA:2,5
LF:2
LH:2
BRF:0
BRH:0
end_of_record
TN:
SF:src\components\form\index.tsx
FN:21,(anonymous_1)
FN:32,(anonymous_2)
FN:36,(anonymous_3)
FN:42,(anonymous_4)
FN:88,(anonymous_5)
FN:21,(anonymous_6)
FNF:6
FNH:5
FNDA:24,(anonymous_1)
FNDA:2,(anonymous_2)
FNDA:0,(anonymous_3)
FNDA:12,(anonymous_4)
FNDA:2,(anonymous_5)
FNDA:4,(anonymous_6)
DA:21,24
DA:22,24
DA:23,24
DA:30,24
DA:32,24
DA:33,2
DA:34,2
DA:35,2
DA:36,2
DA:37,0
DA:40,24
DA:42,24
DA:43,12
DA:44,2
DA:48,24
DA:88,2
DA:153,5
DA:155,5
LF:18
LH:17
BRDA:43,0,0,2
BRDA:50,1,0,8
BRDA:50,1,1,16
BRDA:88,2,0,2
BRDA:88,2,1,0
BRDA:125,3,0,24
BRDA:125,3,1,4
BRF:7
BRH:6
end_of_record
TN:
SF:src\components\form\interface.ts
FNF:0
FNH:0
LF:0
LH:0
BRF:0
BRH:0
end_of_record
TN:
SF:src\components\header\index.tsx
FN:4,(anonymous_1)
FN:5,(anonymous_2)
FN:4,(anonymous_3)
FNF:3
FNH:3
FNDA:10,(anonymous_1)
FNDA:30,(anonymous_2)
FNDA:5,(anonymous_3)
DA:4,10
DA:5,10
DA:6,30
DA:8,10
DA:10,10
DA:32,5
DA:34,5
LF:7
LH:7
BRDA:6,0,0,10
BRDA:6,0,1,20
BRDA:16,1,0,10
BRDA:16,1,1,2
BRF:4
BRH:4
end_of_record
TN:
SF:src\components\layout\index.tsx
FN:1,(anonymous_0)
FN:5,(anonymous_1)
FNF:2
FNH:2
FNDA:5,(anonymous_0)
FNDA:10,(anonymous_1)
DA:1,35
DA:5,5
DA:6,10
DA:16,5
DA:18,5
LF:5
LH:5
BRDA:1,0,0,5
BRF:1
BRH:1
end_of_record
TN:
SF:src\components\modal\index.tsx
FN:1,(anonymous_0)
FN:10,(anonymous_1)
FN:14,(anonymous_2)
FN:19,(anonymous_3)
FN:22,(anonymous_4)
FNF:5
FNH:2
FNDA:5,(anonymous_0)
FNDA:4,(anonymous_1)
FNDA:0,(anonymous_2)
FNDA:0,(anonymous_3)
FNDA:0,(anonymous_4)
DA:1,35
DA:10,5
DA:11,4
DA:15,0
DA:16,0
DA:19,0
DA:23,0
DA:24,0
DA:31,5
DA:33,5
LF:10
LH:5
BRDA:1,0,0,5
BRDA:13,1,0,4
BRDA:13,1,1,0
BRF:3
BRH:2
end_of_record
TN:
SF:src\components\modalCard\index.tsx
FN:1,(anonymous_0)
FN:9,(anonymous_1)
FNF:2
FNH:2
FNDA:5,(anonymous_0)
FNDA:4,(anonymous_1)
DA:1,35
DA:9,5
DA:10,4
DA:56,5
DA:58,5
LF:5
LH:5
BRDA:1,0,0,5
BRDA:14,1,0,0
BRDA:14,1,1,4
BRDA:27,2,0,4
BRDA:27,2,1,0
BRDA:32,3,0,4
BRDA:32,3,1,0
BRDA:37,4,0,4
BRDA:37,4,1,0
BRDA:42,5,0,4
BRDA:42,5,1,0
BRDA:48,6,0,4
BRDA:48,6,1,0
BRF:13
BRH:7
end_of_record
TN:
SF:src\components\personCard\index.tsx
FN:1,(anonymous_0)
FN:4,(anonymous_1)
FNF:2
FNH:2
FNDA:5,(anonymous_0)
FNDA:4,(anonymous_1)
DA:1,35
DA:4,5
DA:5,4
DA:33,5
DA:35,5
LF:5
LH:5
BRDA:1,0,0,5
BRDA:13,1,0,4
BRDA:13,1,1,0
BRF:3
BRH:2
end_of_record
TN:
SF:src\components\personCardList\index.tsx
FN:1,(anonymous_0)
FN:10,(anonymous_1)
FN:15,(anonymous_2)
FNF:3
FNH:3
FNDA:5,(anonymous_0)
FNDA:16,(anonymous_1)
FNDA:4,(anonymous_2)
DA:1,35
DA:10,5
DA:11,16
DA:16,4
DA:24,5
DA:26,5
LF:6
LH:6
BRDA:1,0,0,5
BRDA:13,1,0,4
BRDA:13,1,1,12
BRF:3
BRH:3
end_of_record
TN:
SF:src\components\search\index.test.tsx
FNF:0
FNH:0
LF:0
LH:0
BRF:0
BRH:0
end_of_record
TN:
SF:src\components\search\index.tsx
FN:12,(anonymous_1)
FN:19,(anonymous_2)
FN:25,(anonymous_3)
FN:29,(anonymous_4)
FN:30,(anonymous_5)
FN:35,(anonymous_6)
FN:47,(anonymous_7)
FN:12,(anonymous_8)
FNF:8
FNH:5
FNDA:4,(anonymous_1)
FNDA:8,(anonymous_2)
FNDA:0,(anonymous_3)
FNDA:2,(anonymous_4)
FNDA:1,(anonymous_5)
FNDA:0,(anonymous_6)
FNDA:0,(anonymous_7)
FNDA:1,(anonymous_8)
DA:11,5
DA:12,5
DA:17,4
DA:19,8
DA:20,4
DA:21,5
DA:23,4
DA:25,4
DA:26,0
DA:29,4
DA:30,2
DA:31,1
DA:35,4
DA:36,0
DA:39,4
DA:47,0
DA:57,5
DA:59,5
LF:18
LH:15
BRDA:41,0,0,4
BRDA:41,0,1,0
BRF:2
BRH:1
end_of_record
TN:
SF:src\constant\card.ts
FNF:0
FNH:0
LF:0
LH:0
BRF:0
BRH:0
end_of_record
TN:
SF:src\constant\cardsArray.ts
FNF:0
FNH:0
LF:0
LH:0
BRF:0
BRH:0
end_of_record
TN:
SF:src\constant\countries.ts
FNF:0
FNH:0
DA:1,5
LF:1
LH:1
BRF:0
BRH:0
end_of_record
TN:
SF:src\hooks\redux.ts
FN:5,(anonymous_0)
FNF:1
FNH:1
FNDA:28,(anonymous_0)
DA:5,28
DA:6,5
LF:2
LH:2
BRF:0
BRH:0
end_of_record
TN:
SF:src\pages\AboutPage\index.tsx
FN:1,(anonymous_0)
FNF:1
FNH:1
FNDA:5,(anonymous_0)
DA:1,35
DA:2,0
DA:7,5
DA:9,5
LF:4
LH:3
BRDA:1,0,0,5
BRF:1
BRH:1
end_of_record
TN:
SF:src\pages\FormPage\index.test.tsx
FNF:0
FNH:0
LF:0
LH:0
BRF:0
BRH:0
end_of_record
TN:
SF:src\pages\FormPage\index.tsx
FN:8,(anonymous_1)
FN:9,(anonymous_2)
FN:12,(anonymous_3)
FN:8,(anonymous_4)
FNF:4
FNH:4
FNDA:16,(anonymous_1)
FNDA:20,(anonymous_2)
FNDA:10,(anonymous_3)
FNDA:4,(anonymous_4)
DA:8,16
DA:9,20
DA:10,16
DA:12,16
DA:13,10
DA:16,16
DA:25,5
DA:27,5
LF:8
LH:8
BRDA:10,0,0,16
BRDA:10,0,1,0
BRF:2
BRH:1
end_of_record
TN:
SF:src\pages\HomePage\constant.ts
FNF:0
FNH:0
LF:0
LH:0
BRF:0
BRH:0
end_of_record
TN:
SF:src\pages\HomePage\index.test.tsx
FNF:0
FNH:0
LF:0
LH:0
BRF:0
BRH:0
end_of_record
TN:
SF:src\pages\HomePage\index.tsx
FN:13,(anonymous_1)
FN:16,(anonymous_2)
FN:13,(anonymous_3)
FNF:3
FNH:3
FNDA:4,(anonymous_1)
FNDA:8,(anonymous_2)
FNDA:1,(anonymous_3)
DA:13,5
DA:14,4
DA:15,4
DA:16,8
DA:17,5
DA:19,4
DA:42,5
DA:44,5
LF:8
LH:8
BRDA:30,0,0,4
BRDA:30,0,1,0
BRDA:30,1,0,4
BRDA:30,1,1,0
BRDA:32,2,0,0
BRDA:32,2,1,0
BRDA:35,3,0,0
BRDA:35,3,1,0
BRDA:35,3,2,0
BRF:9
BRH:2
end_of_record
TN:
SF:src\pages\NotFoundPage\index.tsx
FN:1,(anonymous_0)
FNF:1
FNH:1
FNDA:5,(anonymous_0)
DA:1,35
DA:2,0
DA:8,5
DA:10,5
LF:4
LH:3
BRDA:1,0,0,5
BRF:1
BRH:1
end_of_record
TN:
SF:src\store\interface.ts
FNF:0
FNH:0
LF:0
LH:0
BRF:0
BRH:0
end_of_record
TN:
SF:src\store\store.ts
FN:12,(anonymous_0)
FN:15,(anonymous_1)
FNF:2
FNH:2
FNDA:5,(anonymous_0)
FNDA:5,(anonymous_1)
DA:6,5
DA:12,5
DA:13,5
DA:15,5
LF:4
LH:4
BRF:0
BRH:0
end_of_record
TN:
SF:src\store\reducers\ItemService.ts
FN:8,(anonymous_0)
FN:10,(anonymous_1)
FN:11,(anonymous_2)
FN:13,(anonymous_3)
FNF:4
FNH:2
FNDA:5,(anonymous_0)
FNDA:1,(anonymous_1)
FNDA:0,(anonymous_2)
FNDA:0,(anonymous_3)
DA:5,5
DA:8,5
DA:10,1
DA:12,0
DA:14,0
DA:15,0
DA:16,0
DA:17,0
LF:8
LH:3
BRDA:10,0,0,0
BRF:1
BRH:0
end_of_record
TN:
SF:src\store\reducers\formSlice.ts
FN:16,(anonymous_0)
FNF:1
FNH:1
FNDA:2,(anonymous_0)
DA:8,5
DA:12,5
DA:17,2
LF:3
LH:3
BRF:0
BRH:0
end_of_record
TN:
SF:src\store\reducers\searchSlice.ts
FN:15,(anonymous_0)
FNF:1
FNH:1
FNDA:1,(anonymous_0)
DA:7,5
DA:11,5
DA:16,1
LF:3
LH:3
BRF:0
BRH:0
end_of_record
TN:
SF:src\utils\getError.ts
FN:6,(anonymous_0)
FNF:1
FNH:0
FNDA:0,(anonymous_0)
DA:6,5
DA:7,0
DA:8,0
DA:9,0
DA:10,0
DA:12,0
DA:15,0
DA:16,0
DA:18,0
LF:9
LH:1
BRDA:7,0,0,0
BRDA:8,1,0,0
BRDA:8,1,1,0
BRDA:9,2,0,0
BRDA:9,2,1,0
BRDA:15,3,0,0
BRF:6
BRH:0
end_of_record
TN:
SF:src\utils\useFetchItems.ts
FN:3,(anonymous_0)
FNF:1
FNH:1
FNDA:4,(anonymous_0)
DA:3,5
DA:4,4
DA:5,4
LF:3
LH:3
BRF:0
BRH:0
end_of_record
