TN:
SF:src\App.test.tsx
FNF:0
FNH:0
LF:0
LH:0
BRF:0
BRH:0
end_of_record
TN:
SF:src\App.tsx
FN:1,(anonymous_0)
FN:9,App
FNF:2
FNH:2
FNDA:12,(anonymous_0)
FNDA:24,App
DA:1,84
DA:10,24
DA:23,12
DA:25,12
LF:4
LH:4
BRDA:1,0,0,12
BRF:1
BRH:1
end_of_record
TN:
SF:src\entry-client.tsx
FNF:0
FNH:0
DA:9,12
DA:11,12
LF:2
LH:2
BRF:0
BRH:0
end_of_record
TN:
SF:src\entry-server.tsx
FNF:0
FNH:0
LF:0
LH:0
BRF:0
BRH:0
end_of_record
TN:
SF:src\components\UI\button\index.tsx
FN:1,(anonymous_0)
FN:9,(anonymous_1)
FNF:2
FNH:2
FNDA:12,(anonymous_0)
FNDA:42,(anonymous_1)
DA:1,84
DA:9,12
DA:10,42
DA:13,12
DA:15,12
LF:5
LH:5
BRDA:1,0,0,12
BRDA:9,1,0,0
BRF:2
BRH:1
end_of_record
TN:
SF:src\components\UI\checkbox\index.tsx
FN:1,(anonymous_0)
FN:11,(anonymous_1)
FNF:2
FNH:2
FNDA:12,(anonymous_0)
FNDA:42,(anonymous_1)
DA:1,84
DA:11,12
DA:12,42
DA:23,12
DA:25,12
LF:5
LH:5
BRDA:1,0,0,12
BRDA:16,1,0,42
BRDA:16,1,1,6
BRF:3
BRH:3
end_of_record
TN:
SF:src\components\UI\date\index.tsx
FN:1,(anonymous_0)
FN:11,(anonymous_1)
FNF:2
FNH:2
FNDA:12,(anonymous_0)
FNDA:42,(anonymous_1)
DA:1,84
DA:11,12
DA:12,42
DA:23,12
DA:25,12
LF:5
LH:5
BRDA:1,0,0,12
BRDA:16,1,0,42
BRDA:16,1,1,6
BRF:3
BRH:3
end_of_record
TN:
SF:src\components\UI\file\index.tsx
FN:1,(anonymous_0)
FN:11,(anonymous_1)
FNF:2
FNH:2
FNDA:12,(anonymous_0)
FNDA:42,(anonymous_1)
DA:1,84
DA:11,12
DA:12,42
DA:25,12
DA:27,12
LF:5
LH:5
BRDA:1,0,0,12
BRDA:18,1,0,42
BRDA:18,1,1,6
BRF:3
BRH:3
end_of_record
TN:
SF:src\components\UI\inputText\index.test.tsx
FNF:0
FNH:0
LF:0
LH:0
BRF:0
BRH:0
end_of_record
TN:
SF:src\components\UI\inputText\index.tsx
FN:1,(anonymous_0)
FN:11,(anonymous_1)
FNF:2
FNH:2
FNDA:12,(anonymous_0)
FNDA:84,(anonymous_1)
DA:1,84
DA:11,12
DA:12,84
DA:23,12
DA:25,12
LF:5
LH:5
BRDA:1,0,0,12
BRDA:16,1,0,84
BRDA:16,1,1,12
BRF:3
BRH:3
end_of_record
TN:
SF:src\components\UI\loader\index.tsx
FN:1,(anonymous_0)
FN:3,(anonymous_1)
FNF:2
FNH:2
FNDA:12,(anonymous_0)
FNDA:42,(anonymous_1)
DA:1,84
DA:3,12
DA:4,42
DA:22,12
DA:24,12
LF:5
LH:5
BRDA:1,0,0,12
BRF:1
BRH:1
end_of_record
TN:
SF:src\components\UI\radio\index.tsx
FN:1,(anonymous_0)
FN:11,(anonymous_1)
FNF:2
FNH:2
FNDA:12,(anonymous_0)
FNDA:84,(anonymous_1)
DA:1,84
DA:11,12
DA:12,84
DA:24,12
DA:26,12
LF:5
LH:5
BRDA:1,0,0,12
BRF:1
BRH:1
end_of_record
TN:
SF:src\components\UI\select\index.tsx
FN:1,(anonymous_0)
FN:12,(anonymous_1)
FN:17,(anonymous_2)
FNF:3
FNH:3
FNDA:12,(anonymous_0)
FNDA:42,(anonymous_1)
FNDA:8106,(anonymous_2)
DA:1,84
DA:12,12
DA:13,42
DA:18,8106
DA:32,12
DA:34,12
LF:6
LH:6
BRDA:1,0,0,12
BRDA:25,1,0,42
BRDA:25,1,1,6
BRF:3
BRH:3
end_of_record
TN:
SF:src\components\card\index.test.tsx
FNF:0
FNH:0
LF:0
LH:0
BRF:0
BRH:0
end_of_record
TN:
SF:src\components\card\index.tsx
FN:1,(anonymous_0)
FN:11,(anonymous_1)
FN:15,(anonymous_2)
FNF:3
FNH:3
FNDA:12,(anonymous_0)
FNDA:220,(anonymous_1)
FNDA:3,(anonymous_2)
DA:1,84
DA:11,12
DA:12,220
DA:16,3
DA:17,3
DA:37,12
DA:39,12
LF:7
LH:7
BRDA:1,0,0,12
BRDA:22,1,0,220
BRDA:22,1,1,0
BRF:3
BRH:2
end_of_record
TN:
SF:src\components\card\interface.ts
FNF:0
FNH:0
LF:0
LH:0
BRF:0
BRH:0
end_of_record
TN:
SF:src\components\cardsList\index.test.tsx
FNF:0
FNH:0
LF:0
LH:0
BRF:0
BRH:0
end_of_record
TN:
SF:src\components\cardsList\index.tsx
FN:1,(anonymous_0)
FN:11,(anonymous_1)
FN:15,(anonymous_2)
FNF:3
FNH:3
FNDA:12,(anonymous_0)
FNDA:22,(anonymous_1)
FNDA:220,(anonymous_2)
DA:1,84
DA:11,12
DA:12,22
DA:16,220
DA:21,12
DA:23,12
LF:6
LH:6
BRDA:1,0,0,12
BRF:1
BRH:1
end_of_record
TN:
SF:src\components\form\constant.ts
FNF:0
FNH:0
DA:1,12
DA:2,12
LF:2
LH:2
BRF:0
BRH:0
end_of_record
TN:
SF:src\components\form\index.tsx
FN:21,(anonymous_1)
FN:32,(anonymous_2)
FN:36,(anonymous_3)
FN:42,(anonymous_4)
FN:88,(anonymous_5)
FN:21,(anonymous_6)
FNF:6
FNH:5
FNDA:42,(anonymous_1)
FNDA:3,(anonymous_2)
FNDA:0,(anonymous_3)
FNDA:24,(anonymous_4)
FNDA:3,(anonymous_5)
FNDA:9,(anonymous_6)
DA:21,42
DA:22,42
DA:23,42
DA:30,42
DA:32,42
DA:33,3
DA:34,3
DA:35,3
DA:36,3
DA:37,0
DA:40,42
DA:42,42
DA:43,24
DA:44,3
DA:48,42
DA:88,3
DA:153,12
DA:155,12
LF:18
LH:17
BRDA:43,0,0,3
BRDA:50,1,0,12
BRDA:50,1,1,30
BRDA:88,2,0,3
BRDA:88,2,1,0
BRDA:125,3,0,42
BRDA:125,3,1,6
BRF:7
BRH:6
end_of_record
TN:
SF:src\components\form\interface.ts
FNF:0
FNH:0
LF:0
LH:0
BRF:0
BRH:0
end_of_record
TN:
SF:src\components\header\index.tsx
FN:4,(anonymous_1)
FN:5,(anonymous_2)
FN:4,(anonymous_3)
FNF:3
FNH:3
FNDA:36,(anonymous_1)
FNDA:108,(anonymous_2)
FNDA:12,(anonymous_3)
DA:4,36
DA:5,36
DA:6,108
DA:8,36
DA:10,36
DA:32,12
DA:34,12
LF:7
LH:7
BRDA:6,0,0,36
BRDA:6,0,1,72
BRDA:16,1,0,36
BRDA:16,1,1,18
BRF:4
BRH:4
end_of_record
TN:
SF:src\components\layout\index.tsx
FN:1,(anonymous_0)
FN:5,(anonymous_1)
FNF:2
FNH:2
FNDA:12,(anonymous_0)
FNDA:24,(anonymous_1)
DA:1,84
DA:5,12
DA:6,24
DA:16,12
DA:18,12
LF:5
LH:5
BRDA:1,0,0,12
BRF:1
BRH:1
end_of_record
TN:
SF:src\components\modal\index.tsx
FN:1,(anonymous_0)
FN:10,(anonymous_1)
FN:14,(anonymous_2)
FN:20,(anonymous_3)
FN:23,(anonymous_4)
FNF:5
FNH:3
FNDA:12,(anonymous_0)
FNDA:64,(anonymous_1)
FNDA:0,(anonymous_2)
FNDA:0,(anonymous_3)
FNDA:3,(anonymous_4)
DA:1,84
DA:10,12
DA:11,64
DA:15,0
DA:16,0
DA:20,0
DA:24,3
DA:25,3
DA:33,12
DA:35,12
LF:10
LH:7
BRDA:1,0,0,12
BRDA:13,1,0,64
BRDA:13,1,1,6
BRF:3
BRH:3
end_of_record
TN:
SF:src\components\modalCard\index.tsx
FN:1,(anonymous_0)
FN:9,(anonymous_1)
FNF:2
FNH:2
FNDA:12,(anonymous_0)
FNDA:64,(anonymous_1)
DA:1,84
DA:9,12
DA:10,64
DA:56,12
DA:58,12
LF:5
LH:5
BRDA:1,0,0,12
BRDA:14,1,0,12
BRDA:14,1,1,52
BRDA:27,2,0,64
BRDA:27,2,1,12
BRDA:32,3,0,64
BRDA:32,3,1,12
BRDA:37,4,0,64
BRDA:37,4,1,12
BRDA:42,5,0,64
BRDA:42,5,1,12
BRDA:48,6,0,64
BRDA:48,6,1,12
BRF:13
BRH:13
end_of_record
TN:
SF:src\components\personCard\index.tsx
FN:1,(anonymous_0)
FN:4,(anonymous_1)
FNF:2
FNH:2
FNDA:12,(anonymous_0)
FNDA:6,(anonymous_1)
DA:1,84
DA:4,12
DA:5,6
DA:33,12
DA:35,12
LF:5
LH:5
BRDA:1,0,0,12
BRDA:13,1,0,6
BRDA:13,1,1,0
BRF:3
BRH:2
end_of_record
TN:
SF:src\components\personCardList\index.tsx
FN:1,(anonymous_0)
FN:10,(anonymous_1)
FN:15,(anonymous_2)
FNF:3
FNH:3
FNDA:12,(anonymous_0)
FNDA:30,(anonymous_1)
FNDA:6,(anonymous_2)
DA:1,84
DA:10,12
DA:11,30
DA:16,6
DA:24,12
DA:26,12
LF:6
LH:6
BRDA:1,0,0,12
BRDA:13,1,0,6
BRDA:13,1,1,24
BRF:3
BRH:3
end_of_record
TN:
SF:src\components\search\index.test.tsx
FNF:0
FNH:0
LF:0
LH:0
BRF:0
BRH:0
end_of_record
TN:
SF:src\components\search\index.tsx
FN:12,(anonymous_1)
FN:19,(anonymous_2)
FN:25,(anonymous_3)
FN:29,(anonymous_4)
FN:30,(anonymous_5)
FN:35,(anonymous_6)
FN:49,(anonymous_7)
FN:12,(anonymous_8)
FNF:8
FNH:8
FNDA:70,(anonymous_1)
FNDA:113,(anonymous_2)
FNDA:12,(anonymous_3)
FNDA:18,(anonymous_4)
FNDA:12,(anonymous_5)
FNDA:3,(anonymous_6)
FNDA:12,(anonymous_7)
FNDA:6,(anonymous_8)
DA:11,12
DA:12,70
DA:17,70
DA:19,113
DA:20,70
DA:21,70
DA:23,70
DA:25,70
DA:26,12
DA:29,70
DA:30,18
DA:31,12
DA:35,70
DA:36,3
DA:39,70
DA:49,12
DA:59,12
DA:61,12
LF:18
LH:18
BRDA:41,0,0,70
BRDA:41,0,1,0
BRF:2
BRH:1
end_of_record
TN:
SF:src\constant\card.ts
FNF:0
FNH:0
LF:0
LH:0
BRF:0
BRH:0
end_of_record
TN:
SF:src\constant\cardsArray.ts
FNF:0
FNH:0
LF:0
LH:0
BRF:0
BRH:0
end_of_record
TN:
SF:src\constant\countries.ts
FNF:0
FNH:0
DA:1,12
LF:1
LH:1
BRF:0
BRH:0
end_of_record
TN:
SF:src\hooks\redux.ts
FN:5,(anonymous_0)
FNF:1
FNH:1
FNDA:112,(anonymous_0)
DA:5,112
DA:6,12
LF:2
LH:2
BRF:0
BRH:0
end_of_record
TN:
SF:src\pages\AboutPage\index.tsx
FN:1,(anonymous_0)
FNF:1
FNH:1
FNDA:12,(anonymous_0)
DA:1,84
DA:2,0
DA:7,12
DA:9,12
LF:4
LH:3
BRDA:1,0,0,12
BRF:1
BRH:1
end_of_record
TN:
SF:src\pages\FormPage\index.test.tsx
FNF:0
FNH:0
LF:0
LH:0
BRF:0
BRH:0
end_of_record
TN:
SF:src\pages\FormPage\index.tsx
FN:8,(anonymous_1)
FN:9,(anonymous_2)
FN:12,(anonymous_3)
FN:8,(anonymous_4)
FNF:4
FNH:4
FNDA:30,(anonymous_1)
FNDA:39,(anonymous_2)
FNDA:21,(anonymous_3)
FNDA:9,(anonymous_4)
DA:8,30
DA:9,39
DA:10,30
DA:12,30
DA:13,21
DA:16,30
DA:27,12
DA:29,12
LF:8
LH:8
BRDA:10,0,0,30
BRDA:10,0,1,0
BRF:2
BRH:1
end_of_record
TN:
SF:src\pages\HomePage\constant.ts
FNF:0
FNH:0
LF:0
LH:0
BRF:0
BRH:0
end_of_record
TN:
SF:src\pages\HomePage\index.test.tsx
FNF:0
FNH:0
LF:0
LH:0
BRF:0
BRH:0
end_of_record
TN:
SF:src\pages\HomePage\index.tsx
FN:13,(anonymous_1)
FN:16,(anonymous_2)
FN:13,(anonymous_3)
FNF:3
FNH:3
FNDA:64,(anonymous_1)
FNDA:107,(anonymous_2)
FNDA:6,(anonymous_3)
DA:13,64
DA:14,64
DA:15,64
DA:16,107
DA:17,64
DA:19,64
DA:42,12
DA:44,12
LF:8
LH:8
BRDA:30,0,0,42
BRDA:30,0,1,22
BRDA:30,1,0,64
BRDA:30,1,1,22
BRDA:32,2,0,0
BRDA:32,2,1,22
BRDA:35,3,0,22
BRDA:35,3,1,22
BRDA:35,3,2,22
BRF:9
BRH:8
end_of_record
TN:
SF:src\pages\NotFoundPage\index.tsx
FN:1,(anonymous_0)
FNF:1
FNH:1
FNDA:12,(anonymous_0)
DA:1,84
DA:2,0
DA:8,12
DA:10,12
LF:4
LH:3
BRDA:1,0,0,12
BRF:1
BRH:1
end_of_record
TN:
SF:src\store\interface.ts
FNF:0
FNH:0
LF:0
LH:0
BRF:0
BRH:0
end_of_record
TN:
SF:src\store\store.ts
FN:12,(anonymous_0)
FN:15,(anonymous_1)
FNF:2
FNH:2
FNDA:12,(anonymous_0)
FNDA:12,(anonymous_1)
DA:6,12
DA:12,12
DA:13,12
DA:15,12
LF:4
LH:4
BRF:0
BRH:0
end_of_record
TN:
SF:src\store\reducers\ItemService.ts
FN:8,(anonymous_0)
FN:10,(anonymous_1)
FN:11,(anonymous_2)
FN:13,(anonymous_3)
FNF:4
FNH:4
FNDA:12,(anonymous_0)
FNDA:9,(anonymous_1)
FNDA:7,(anonymous_2)
FNDA:70,(anonymous_3)
DA:5,12
DA:8,12
DA:10,9
DA:12,7
DA:14,70
DA:15,70
DA:16,70
DA:17,70
LF:8
LH:8
BRDA:10,0,0,0
BRF:1
BRH:0
end_of_record
TN:
SF:src\store\reducers\formSlice.ts
FN:16,(anonymous_0)
FNF:1
FNH:1
FNDA:3,(anonymous_0)
DA:8,12
DA:12,12
DA:17,3
LF:3
LH:3
BRF:0
BRH:0
end_of_record
TN:
SF:src\store\reducers\searchSlice.ts
FN:15,(anonymous_0)
FNF:1
FNH:1
FNDA:15,(anonymous_0)
DA:7,12
DA:11,12
DA:16,15
LF:3
LH:3
BRF:0
BRH:0
end_of_record
TN:
SF:src\utils\getError.ts
FN:6,(anonymous_0)
FNF:1
FNH:1
FNDA:22,(anonymous_0)
DA:6,12
DA:7,22
DA:8,0
DA:9,0
DA:10,0
DA:12,0
DA:15,22
DA:16,0
DA:18,22
LF:9
LH:4
BRDA:7,0,0,0
BRDA:8,1,0,0
BRDA:8,1,1,0
BRDA:9,2,0,0
BRDA:9,2,1,0
BRDA:15,3,0,0
BRF:6
BRH:0
end_of_record
TN:
SF:src\utils\useFetchItems.ts
FN:3,(anonymous_0)
FNF:1
FNH:1
FNDA:64,(anonymous_0)
DA:3,12
DA:4,64
DA:5,64
LF:3
LH:3
BRF:0
BRH:0
end_of_record
